# JRE version: Java(TM) SE Runtime Environment (8.0_66-b17) (build 1.8.0_66-b17)
# Java VM: Java HotSpot(TM) 64-Bit Server VM (25.66-b17 mixed mode bsd-amd64 compressed oops)
Heap:
 PSYoungGen      total 58368K, used 17921K [0x00000007bab00000, 0x00000007c0000000, 0x00000007c0000000)
  eden space 29696K, 60% used [0x00000007bab00000,0x00000007bbc80690,0x00000007bc800000)
  from space 28672K, 0% used [0x00000007be400000,0x00000007be400000,0x00000007c0000000)
  to   space 28672K, 0% used [0x00000007bc800000,0x00000007bc800000,0x00000007be400000)
 ParOldGen       total 126464K, used 42904K [0x00000007b0000000, 0x00000007b7b80000, 0x00000007bab00000)
  object space 126464K, 33% used [0x00000007b0000000,0x00000007b29e6290,0x00000007b7b80000)
 Metaspace       used 33304K, capacity 33645K, committed 34048K, reserved 1079296K
  class space    used 4222K, capacity 4346K, committed 4352K, reserved 1048576K
GC Heap History (10 events):
Event: 73.977 GC heap before
{Heap before GC invocations=18 (full 3):
 PSYoungGen      total 58368K, used 27124K [0x00000007bab00000, 0x00000007c0000000, 0x00000007c0000000)
  eden space 29696K, 60% used [0x00000007bab00000,0x00000007bbc7ccb0,0x00000007bc800000)
  from space 28672K, 32% used [0x00000007be400000,0x00000007bed00650,0x00000007c0000000)
  to   space 28672K, 0% used [0x00000007bc800000,0x00000007bc800000,0x00000007be400000)
 ParOldGen       total 126464K, used 63420K [0x00000007b0000000, 0x00000007b7b80000, 0x00000007bab00000)
  object space 126464K, 50% used [0x00000007b0000000,0x00000007b3def180,0x00000007b7b80000)
 Metaspace       used 33164K, capacity 33581K, committed 33792K, reserved 1079296K
  class space    used 4219K, capacity 4346K, committed 4352K, reserved 1048576K
Event: 73.985 GC heap after
Heap after GC invocations=18 (full 3):
 PSYoungGen      total 58368K, used 11542K [0x00000007bab00000, 0x00000007c0000000, 0x00000007c0000000)
  eden space 29696K, 0% used [0x00000007bab00000,0x00000007bab00000,0x00000007bc800000)
  from space 28672K, 40% used [0x00000007bc800000,0x00000007bd3459b0,0x00000007be400000)
  to   space 28672K, 0% used [0x00000007be400000,0x00000007be400000,0x00000007c0000000)
 ParOldGen       total 126464K, used 65505K [0x00000007b0000000, 0x00000007b7b80000, 0x00000007bab00000)
  object space 126464K, 51% used [0x00000007b0000000,0x00000007b3ff85a0,0x00000007b7b80000)
 Metaspace       used 33164K, capacity 33581K, committed 33792K, reserved 1079296K
  class space    used 4219K, capacity 4346K, committed 4352K, reserved 1048576K
}
Event: 77.580 GC heap before
{Heap before GC invocations=19 (full 3):
 PSYoungGen      total 58368K, used 40125K [0x00000007bab00000, 0x00000007c0000000, 0x00000007c0000000)
  eden space 29696K, 96% used [0x00000007bab00000,0x00000007bc6e9dd0,0x00000007bc800000)
  from space 28672K, 40% used [0x00000007bc800000,0x00000007bd3459b0,0x00000007be400000)
  to   space 28672K, 0% used [0x00000007be400000,0x00000007be400000,0x00000007c0000000)
 ParOldGen       total 126464K, used 65505K [0x00000007b0000000, 0x00000007b7b80000, 0x00000007bab00000)
  object space 126464K, 51% used [0x00000007b0000000,0x00000007b3ff85a0,0x00000007b7b80000)
 Metaspace       used 33245K, capacity 33645K, committed 34048K, reserved 1079296K
  class space    used 4221K, capacity 4346K, committed 4352K, reserved 1048576K
Event: 77.588 GC heap after
Heap after GC invocations=19 (full 3):
 PSYoungGen      total 58368K, used 6100K [0x00000007bab00000, 0x00000007c0000000, 0x00000007c0000000)
  eden space 29696K, 0% used [0x00000007bab00000,0x00000007bab00000,0x00000007bc800000)
  from space 28672K, 21% used [0x00000007be400000,0x00000007be9f51b0,0x00000007c0000000)
  to   space 28672K, 0% used [0x00000007bc800000,0x00000007bc800000,0x00000007be400000)
 ParOldGen       total 126464K, used 69249K [0x00000007b0000000, 0x00000007b7b80000, 0x00000007bab00000)
  object space 126464K, 54% used [0x00000007b0000000,0x00000007b43a0630,0x00000007b7b80000)
 Metaspace       used 33245K, capacity 33645K, committed 34048K, reserved 1079296K
  class space    used 4221K, capacity 4346K, committed 4352K, reserved 1048576K
}
Event: 79.246 GC heap before
{Heap before GC invocations=20 (full 3):
 PSYoungGen      total 58368K, used 35796K [0x00000007bab00000, 0x00000007c0000000, 0x00000007c0000000)
  eden space 29696K, 100% used [0x00000007bab00000,0x00000007bc800000,0x00000007bc800000)
  from space 28672K, 21% used [0x00000007be400000,0x00000007be9f51b0,0x00000007c0000000)
  to   space 28672K, 0% used [0x00000007bc800000,0x00000007bc800000,0x00000007be400000)
 ParOldGen       total 126464K, used 69249K [0x00000007b0000000, 0x00000007b7b80000, 0x00000007bab00000)
  object space 126464K, 54% used [0x00000007b0000000,0x00000007b43a0630,0x00000007b7b80000)
 Metaspace       used 33285K, capacity 33645K, committed 34048K, reserved 1079296K
  class space    used 4222K, capacity 4346K, committed 4352K, reserved 1048576K
Event: 79.253 GC heap after
Heap after GC invocations=20 (full 3):
 PSYoungGen      total 58368K, used 6523K [0x00000007bab00000, 0x00000007c0000000, 0x00000007c0000000)
  eden space 29696K, 0% used [0x00000007bab00000,0x00000007bab00000,0x00000007bc800000)
  from space 28672K, 22% used [0x00000007bc800000,0x00000007bce5eea8,0x00000007be400000)
  to   space 28672K, 0% used [0x00000007be400000,0x00000007be400000,0x00000007c0000000)
 ParOldGen       total 126464K, used 75172K [0x00000007b0000000, 0x00000007b7b80000, 0x00000007bab00000)
  object space 126464K, 59% used [0x00000007b0000000,0x00000007b49690e0,0x00000007b7b80000)
 Metaspace       used 33285K, capacity 33645K, committed 34048K, reserved 1079296K
  class space    used 4222K, capacity 4346K, committed 4352K, reserved 1048576K
}
Event: 81.626 GC heap before
{Heap before GC invocations=21 (full 3):
 PSYoungGen      total 58368K, used 16684K [0x00000007bab00000, 0x00000007c0000000, 0x00000007c0000000)
  eden space 29696K, 34% used [0x00000007bab00000,0x00000007bb4ec518,0x00000007bc800000)
  from space 28672K, 22% used [0x00000007bc800000,0x00000007bce5eea8,0x00000007be400000)
  to   space 28672K, 0% used [0x00000007be400000,0x00000007be400000,0x00000007c0000000)
 ParOldGen       total 126464K, used 75172K [0x00000007b0000000, 0x00000007b7b80000, 0x00000007bab00000)
  object space 126464K, 59% used [0x00000007b0000000,0x00000007b49690e0,0x00000007b7b80000)
 Metaspace       used 33290K, capacity 33645K, committed 34048K, reserved 1079296K
  class space    used 4222K, capacity 4346K, committed 4352K, reserved 1048576K
Event: 81.638 GC heap after
Heap after GC invocations=21 (full 3):
 PSYoungGen      total 58368K, used 14932K [0x00000007bab00000, 0x00000007c0000000, 0x00000007c0000000)
  eden space 29696K, 0% used [0x00000007bab00000,0x00000007bab00000,0x00000007bc800000)
  from space 28672K, 52% used [0x00000007be400000,0x00000007bf295170,0x00000007c0000000)
  to   space 28672K, 0% used [0x00000007bc800000,0x00000007bc800000,0x00000007be400000)
 ParOldGen       total 126464K, used 81072K [0x00000007b0000000, 0x00000007b7b80000, 0x00000007bab00000)
  object space 126464K, 64% used [0x00000007b0000000,0x00000007b4f2c2c8,0x00000007b7b80000)
 Metaspace       used 33290K, capacity 33645K, committed 34048K, reserved 1079296K
  class space    used 4222K, capacity 4346K, committed 4352K, reserved 1048576K
}
Event: 81.638 GC heap before
{Heap before GC invocations=22 (full 4):
 PSYoungGen      total 58368K, used 14932K [0x00000007bab00000, 0x00000007c0000000, 0x00000007c0000000)
  eden space 29696K, 0% used [0x00000007bab00000,0x00000007bab00000,0x00000007bc800000)
  from space 28672K, 52% used [0x00000007be400000,0x00000007bf295170,0x00000007c0000000)
  to   space 28672K, 0% used [0x00000007bc800000,0x00000007bc800000,0x00000007be400000)
 ParOldGen       total 126464K, used 81072K [0x00000007b0000000, 0x00000007b7b80000, 0x00000007bab00000)
  object space 126464K, 64% used [0x00000007b0000000,0x00000007b4f2c2c8,0x00000007b7b80000)
 Metaspace       used 33290K, capacity 33645K, committed 34048K, reserved 1079296K
  class space    used 4222K, capacity 4346K, committed 4352K, reserved 1048576K
Event: 81.720 GC heap after
Heap after GC invocations=22 (full 4):
 PSYoungGen      total 58368K, used 0K [0x00000007bab00000, 0x00000007c0000000, 0x00000007c0000000)
  eden space 29696K, 0% used [0x00000007bab00000,0x00000007bab00000,0x00000007bc800000)
  from space 28672K, 0% used [0x00000007be400000,0x00000007be400000,0x00000007c0000000)
  to   space 28672K, 0% used [0x00000007bc800000,0x00000007bc800000,0x00000007be400000)
 ParOldGen       total 126464K, used 42904K [0x00000007b0000000, 0x00000007b7b80000, 0x00000007bab00000)
  object space 126464K, 33% used [0x00000007b0000000,0x00000007b29e6290,0x00000007b7b80000)
 Metaspace       used 33290K, capacity 33645K, committed 34048K, reserved 1079296K
  class space    used 4222K, capacity 4346K, committed 4352K, reserved 1048576K
}

