# JRE version: Java(TM) SE Runtime Environment (8.0_66-b17) (build 1.8.0_66-b17)
# Java VM: Java HotSpot(TM) 64-Bit Server VM (25.66-b17 mixed mode bsd-amd64 compressed oops)
Heap:
 PSYoungGen      total 57856K, used 2717K [0x00000007bab00000, 0x00000007c0000000, 0x00000007c0000000)
  eden space 29184K, 3% used [0x00000007bab00000,0x00000007bac13a78,0x00000007bc780000)
  from space 28672K, 5% used [0x00000007bc780000,0x00000007bc913ba0,0x00000007be380000)
  to   space 28672K, 0% used [0x00000007be400000,0x00000007be400000,0x00000007c0000000)
 ParOldGen       total 125440K, used 95723K [0x00000007b0000000, 0x00000007b7a80000, 0x00000007bab00000)
  object space 125440K, 76% used [0x00000007b0000000,0x00000007b5d7ae10,0x00000007b7a80000)
 Metaspace       used 33470K, capacity 33869K, committed 34304K, reserved 1079296K
  class space    used 4196K, capacity 4314K, committed 4352K, reserved 1048576K
GC Heap History (10 events):
Event: 53.504 GC heap before
{Heap before GC invocations=16 (full 3):
 PSYoungGen      total 58368K, used 36367K [0x00000007bab00000, 0x00000007c0000000, 0x00000007c0000000)
  eden space 29696K, 100% used [0x00000007bab00000,0x00000007bc800000,0x00000007bc800000)
  from space 28672K, 23% used [0x00000007be400000,0x00000007bea83d10,0x00000007c0000000)
  to   space 28672K, 0% used [0x00000007bc800000,0x00000007bc800000,0x00000007be400000)
 ParOldGen       total 125440K, used 76891K [0x00000007b0000000, 0x00000007b7a80000, 0x00000007bab00000)
  object space 125440K, 61% used [0x00000007b0000000,0x00000007b4b16c30,0x00000007b7a80000)
 Metaspace       used 33268K, capacity 33613K, committed 34048K, reserved 1079296K
  class space    used 4188K, capacity 4314K, committed 4352K, reserved 1048576K
Event: 53.513 GC heap after
Heap after GC invocations=16 (full 3):
 PSYoungGen      total 58368K, used 7214K [0x00000007bab00000, 0x00000007c0000000, 0x00000007c0000000)
  eden space 29696K, 0% used [0x00000007bab00000,0x00000007bab00000,0x00000007bc800000)
  from space 28672K, 25% used [0x00000007bc800000,0x00000007bcf0ba00,0x00000007be400000)
  to   space 28672K, 0% used [0x00000007be400000,0x00000007be400000,0x00000007c0000000)
 ParOldGen       total 125440K, used 80510K [0x00000007b0000000, 0x00000007b7a80000, 0x00000007bab00000)
  object space 125440K, 64% used [0x00000007b0000000,0x00000007b4e9fa40,0x00000007b7a80000)
 Metaspace       used 33268K, capacity 33613K, committed 34048K, reserved 1079296K
  class space    used 4188K, capacity 4314K, committed 4352K, reserved 1048576K
}
Event: 60.832 GC heap before
{Heap before GC invocations=17 (full 3):
 PSYoungGen      total 58368K, used 36910K [0x00000007bab00000, 0x00000007c0000000, 0x00000007c0000000)
  eden space 29696K, 100% used [0x00000007bab00000,0x00000007bc800000,0x00000007bc800000)
  from space 28672K, 25% used [0x00000007bc800000,0x00000007bcf0ba00,0x00000007be400000)
  to   space 28672K, 0% used [0x00000007be400000,0x00000007be400000,0x00000007c0000000)
 ParOldGen       total 125440K, used 80510K [0x00000007b0000000, 0x00000007b7a80000, 0x00000007bab00000)
  object space 125440K, 64% used [0x00000007b0000000,0x00000007b4e9fa68,0x00000007b7a80000)
 Metaspace       used 33333K, capacity 33741K, committed 34048K, reserved 1079296K
  class space    used 4188K, capacity 4314K, committed 4352K, reserved 1048576K
Event: 60.842 GC heap after
Heap after GC invocations=17 (full 3):
 PSYoungGen      total 58368K, used 7235K [0x00000007bab00000, 0x00000007c0000000, 0x00000007c0000000)
  eden space 29696K, 0% used [0x00000007bab00000,0x00000007bab00000,0x00000007bc800000)
  from space 28672K, 25% used [0x00000007be400000,0x00000007beb10f10,0x00000007c0000000)
  to   space 28672K, 0% used [0x00000007bc800000,0x00000007bc800000,0x00000007be400000)
 ParOldGen       total 125440K, used 83484K [0x00000007b0000000, 0x00000007b7a80000, 0x00000007bab00000)
  object space 125440K, 66% used [0x00000007b0000000,0x00000007b51873d8,0x00000007b7a80000)
 Metaspace       used 33333K, capacity 33741K, committed 34048K, reserved 1079296K
  class space    used 4188K, capacity 4314K, committed 4352K, reserved 1048576K
}
Event: 68.255 GC heap before
{Heap before GC invocations=18 (full 3):
 PSYoungGen      total 58368K, used 36931K [0x00000007bab00000, 0x00000007c0000000, 0x00000007c0000000)
  eden space 29696K, 100% used [0x00000007bab00000,0x00000007bc800000,0x00000007bc800000)
  from space 28672K, 25% used [0x00000007be400000,0x00000007beb10f10,0x00000007c0000000)
  to   space 28672K, 0% used [0x00000007bc800000,0x00000007bc800000,0x00000007be400000)
 ParOldGen       total 125440K, used 83487K [0x00000007b0000000, 0x00000007b7a80000, 0x00000007bab00000)
  object space 125440K, 66% used [0x00000007b0000000,0x00000007b5187e48,0x00000007b7a80000)
 Metaspace       used 33397K, capacity 33805K, committed 34048K, reserved 1079296K
  class space    used 4188K, capacity 4314K, committed 4352K, reserved 1048576K
Event: 68.263 GC heap after
Heap after GC invocations=18 (full 3):
 PSYoungGen      total 58368K, used 7041K [0x00000007bab00000, 0x00000007c0000000, 0x00000007c0000000)
  eden space 29696K, 0% used [0x00000007bab00000,0x00000007bab00000,0x00000007bc800000)
  from space 28672K, 24% used [0x00000007bc800000,0x00000007bcee0720,0x00000007be400000)
  to   space 28672K, 0% used [0x00000007be400000,0x00000007be400000,0x00000007c0000000)
 ParOldGen       total 125440K, used 86628K [0x00000007b0000000, 0x00000007b7a80000, 0x00000007bab00000)
  object space 125440K, 69% used [0x00000007b0000000,0x00000007b54993a8,0x00000007b7a80000)
 Metaspace       used 33397K, capacity 33805K, committed 34048K, reserved 1079296K
  class space    used 4188K, capacity 4314K, committed 4352K, reserved 1048576K
}
Event: 75.405 GC heap before
{Heap before GC invocations=19 (full 3):
 PSYoungGen      total 58368K, used 36737K [0x00000007bab00000, 0x00000007c0000000, 0x00000007c0000000)
  eden space 29696K, 100% used [0x00000007bab00000,0x00000007bc800000,0x00000007bc800000)
  from space 28672K, 24% used [0x00000007bc800000,0x00000007bcee0720,0x00000007be400000)
  to   space 28672K, 0% used [0x00000007be400000,0x00000007be400000,0x00000007c0000000)
 ParOldGen       total 125440K, used 86677K [0x00000007b0000000, 0x00000007b7a80000, 0x00000007bab00000)
  object space 125440K, 69% used [0x00000007b0000000,0x00000007b54a5720,0x00000007b7a80000)
 Metaspace       used 33410K, capacity 33805K, committed 34048K, reserved 1079296K
  class space    used 4188K, capacity 4314K, committed 4352K, reserved 1048576K
Event: 75.415 GC heap after
Heap after GC invocations=19 (full 3):
 PSYoungGen      total 57344K, used 9361K [0x00000007bab00000, 0x00000007bff80000, 0x00000007c0000000)
  eden space 29184K, 0% used [0x00000007bab00000,0x00000007bab00000,0x00000007bc780000)
  from space 28160K, 33% used [0x00000007be400000,0x00000007bed244d0,0x00000007bff80000)
  to   space 28672K, 0% used [0x00000007bc780000,0x00000007bc780000,0x00000007be380000)
 ParOldGen       total 125440K, used 87976K [0x00000007b0000000, 0x00000007b7a80000, 0x00000007bab00000)
  object space 125440K, 70% used [0x00000007b0000000,0x00000007b55ea090,0x00000007b7a80000)
 Metaspace       used 33410K, capacity 33805K, committed 34048K, reserved 1079296K
  class space    used 4188K, capacity 4314K, committed 4352K, reserved 1048576K
}
Event: 75.881 GC heap before
{Heap before GC invocations=20 (full 3):
 PSYoungGen      total 57344K, used 11943K [0x00000007bab00000, 0x00000007bff80000, 0x00000007c0000000)
  eden space 29184K, 8% used [0x00000007bab00000,0x00000007bad859b8,0x00000007bc780000)
  from space 28160K, 33% used [0x00000007be400000,0x00000007bed244d0,0x00000007bff80000)
  to   space 28672K, 0% used [0x00000007bc780000,0x00000007bc780000,0x00000007be380000)
 ParOldGen       total 125440K, used 87976K [0x00000007b0000000, 0x00000007b7a80000, 0x00000007bab00000)
  object space 125440K, 70% used [0x00000007b0000000,0x00000007b55ea090,0x00000007b7a80000)
 Metaspace       used 33442K, capacity 33805K, committed 34048K, reserved 1079296K
  class space    used 4193K, capacity 4314K, committed 4352K, reserved 1048576K
Event: 75.897 GC heap after
Heap after GC invocations=20 (full 3):
 PSYoungGen      total 57856K, used 1614K [0x00000007bab00000, 0x00000007c0000000, 0x00000007c0000000)
  eden space 29184K, 0% used [0x00000007bab00000,0x00000007bab00000,0x00000007bc780000)
  from space 28672K, 5% used [0x00000007bc780000,0x00000007bc913ba0,0x00000007be380000)
  to   space 28672K, 0% used [0x00000007be400000,0x00000007be400000,0x00000007c0000000)
 ParOldGen       total 125440K, used 95723K [0x00000007b0000000, 0x00000007b7a80000, 0x00000007bab00000)
  object space 125440K, 76% used [0x00000007b0000000,0x00000007b5d7ae10,0x00000007b7a80000)
 Metaspace       used 33442K, capacity 33805K, committed 34048K, reserved 1079296K
  class space    used 4193K, capacity 4314K, committed 4352K, reserved 1048576K
}

