# JRE version: Java(TM) SE Runtime Environment (8.0_66-b17) (build 1.8.0_66-b17)
# Java VM: Java HotSpot(TM) 64-Bit Server VM (25.66-b17 mixed mode bsd-amd64 compressed oops)
Heap:
 PSYoungGen      total 58368K, used 35486K [0x00000007bab00000, 0x00000007c0000000, 0x00000007c0000000)
  eden space 33280K, 37% used [0x00000007bab00000,0x00000007bb755350,0x00000007bcb80000)
  from space 25088K, 91% used [0x00000007bcb80000,0x00000007be1d2608,0x00000007be400000)
  to   space 27136K, 0% used [0x00000007be580000,0x00000007be580000,0x00000007c0000000)
 ParOldGen       total 81408K, used 39768K [0x00000007b0000000, 0x00000007b4f80000, 0x00000007bab00000)
  object space 81408K, 48% used [0x00000007b0000000,0x00000007b26d61d0,0x00000007b4f80000)
 Metaspace       used 33329K, capacity 33759K, committed 34048K, reserved 1079296K
  class space    used 4214K, capacity 4341K, committed 4352K, reserved 1048576K
GC Heap History (10 events):
Event: 42.641 GC heap before
{Heap before GC invocations=11 (full 2):
 PSYoungGen      total 58368K, used 29696K [0x00000007bab00000, 0x00000007c0000000, 0x00000007c0000000)
  eden space 29696K, 100% used [0x00000007bab00000,0x00000007bc800000,0x00000007bc800000)
  from space 28672K, 0% used [0x00000007be400000,0x00000007be400000,0x00000007c0000000)
  to   space 28672K, 0% used [0x00000007bc800000,0x00000007bc800000,0x00000007be400000)
 ParOldGen       total 81408K, used 39736K [0x00000007b0000000, 0x00000007b4f80000, 0x00000007bab00000)
  object space 81408K, 48% used [0x00000007b0000000,0x00000007b26ce1d0,0x00000007b4f80000)
 Metaspace       used 32920K, capacity 33267K, committed 33536K, reserved 1079296K
  class space    used 4178K, capacity 4307K, committed 4352K, reserved 1048576K
Event: 42.648 GC heap after
Heap after GC invocations=11 (full 2):
 PSYoungGen      total 39936K, used 10145K [0x00000007bab00000, 0x00000007bff00000, 0x00000007c0000000)
  eden space 29696K, 0% used [0x00000007bab00000,0x00000007bab00000,0x00000007bc800000)
  from space 10240K, 99% used [0x00000007bc800000,0x00000007bd1e8480,0x00000007bd200000)
  to   space 28160K, 0% used [0x00000007be380000,0x00000007be380000,0x00000007bff00000)
 ParOldGen       total 81408K, used 39744K [0x00000007b0000000, 0x00000007b4f80000, 0x00000007bab00000)
  object space 81408K, 48% used [0x00000007b0000000,0x00000007b26d01d0,0x00000007b4f80000)
 Metaspace       used 32920K, capacity 33267K, committed 33536K, reserved 1079296K
  class space    used 4178K, capacity 4307K, committed 4352K, reserved 1048576K
}
Event: 45.809 GC heap before
{Heap before GC invocations=12 (full 2):
 PSYoungGen      total 39936K, used 39841K [0x00000007bab00000, 0x00000007bff00000, 0x00000007c0000000)
  eden space 29696K, 100% used [0x00000007bab00000,0x00000007bc800000,0x00000007bc800000)
  from space 10240K, 99% used [0x00000007bc800000,0x00000007bd1e8480,0x00000007bd200000)
  to   space 28160K, 0% used [0x00000007be380000,0x00000007be380000,0x00000007bff00000)
 ParOldGen       total 81408K, used 39744K [0x00000007b0000000, 0x00000007b4f80000, 0x00000007bab00000)
  object space 81408K, 48% used [0x00000007b0000000,0x00000007b26d01d0,0x00000007b4f80000)
 Metaspace       used 33041K, capacity 33407K, committed 33792K, reserved 1079296K
  class space    used 4179K, capacity 4309K, committed 4352K, reserved 1048576K
Event: 45.814 GC heap after
Heap after GC invocations=12 (full 2):
 PSYoungGen      total 59392K, used 14488K [0x00000007bab00000, 0x00000007c0000000, 0x00000007c0000000)
  eden space 31232K, 0% used [0x00000007bab00000,0x00000007bab00000,0x00000007bc980000)
  from space 28160K, 51% used [0x00000007be380000,0x00000007bf1a6028,0x00000007bff00000)
  to   space 26624K, 0% used [0x00000007bc980000,0x00000007bc980000,0x00000007be380000)
 ParOldGen       total 81408K, used 39752K [0x00000007b0000000, 0x00000007b4f80000, 0x00000007bab00000)
  object space 81408K, 48% used [0x00000007b0000000,0x00000007b26d21d0,0x00000007b4f80000)
 Metaspace       used 33041K, capacity 33407K, committed 33792K, reserved 1079296K
  class space    used 4179K, capacity 4309K, committed 4352K, reserved 1048576K
}
Event: 59.349 GC heap before
{Heap before GC invocations=13 (full 2):
 PSYoungGen      total 59392K, used 45720K [0x00000007bab00000, 0x00000007c0000000, 0x00000007c0000000)
  eden space 31232K, 100% used [0x00000007bab00000,0x00000007bc980000,0x00000007bc980000)
  from space 28160K, 51% used [0x00000007be380000,0x00000007bf1a6028,0x00000007bff00000)
  to   space 26624K, 0% used [0x00000007bc980000,0x00000007bc980000,0x00000007be380000)
 ParOldGen       total 81408K, used 39752K [0x00000007b0000000, 0x00000007b4f80000, 0x00000007bab00000)
  object space 81408K, 48% used [0x00000007b0000000,0x00000007b26d21d0,0x00000007b4f80000)
 Metaspace       used 33193K, capacity 33631K, committed 34048K, reserved 1079296K
  class space    used 4207K, capacity 4341K, committed 4352K, reserved 1048576K
Event: 59.354 GC heap after
Heap after GC invocations=13 (full 2):
 PSYoungGen      total 57856K, used 15350K [0x00000007bab00000, 0x00000007bfd80000, 0x00000007c0000000)
  eden space 31232K, 0% used [0x00000007bab00000,0x00000007bab00000,0x00000007bc980000)
  from space 26624K, 57% used [0x00000007bc980000,0x00000007bd87dac8,0x00000007be380000)
  to   space 26112K, 0% used [0x00000007be400000,0x00000007be400000,0x00000007bfd80000)
 ParOldGen       total 81408K, used 39760K [0x00000007b0000000, 0x00000007b4f80000, 0x00000007bab00000)
  object space 81408K, 48% used [0x00000007b0000000,0x00000007b26d41d0,0x00000007b4f80000)
 Metaspace       used 33193K, capacity 33631K, committed 34048K, reserved 1079296K
  class space    used 4207K, capacity 4341K, committed 4352K, reserved 1048576K
}
Event: 69.307 GC heap before
{Heap before GC invocations=14 (full 2):
 PSYoungGen      total 57856K, used 46582K [0x00000007bab00000, 0x00000007bfd80000, 0x00000007c0000000)
  eden space 31232K, 100% used [0x00000007bab00000,0x00000007bc980000,0x00000007bc980000)
  from space 26624K, 57% used [0x00000007bc980000,0x00000007bd87dac8,0x00000007be380000)
  to   space 26112K, 0% used [0x00000007be400000,0x00000007be400000,0x00000007bfd80000)
 ParOldGen       total 81408K, used 39760K [0x00000007b0000000, 0x00000007b4f80000, 0x00000007bab00000)
  object space 81408K, 48% used [0x00000007b0000000,0x00000007b26d41d0,0x00000007b4f80000)
 Metaspace       used 33250K, capacity 33631K, committed 34048K, reserved 1079296K
  class space    used 4214K, capacity 4341K, committed 4352K, reserved 1048576K
Event: 69.319 GC heap after
Heap after GC invocations=14 (full 2):
 PSYoungGen      total 59392K, used 15831K [0x00000007bab00000, 0x00000007bfd80000, 0x00000007c0000000)
  eden space 33280K, 0% used [0x00000007bab00000,0x00000007bab00000,0x00000007bcb80000)
  from space 26112K, 60% used [0x00000007be400000,0x00000007bf375ef8,0x00000007bfd80000)
  to   space 25088K, 0% used [0x00000007bcb80000,0x00000007bcb80000,0x00000007be400000)
 ParOldGen       total 81408K, used 39768K [0x00000007b0000000, 0x00000007b4f80000, 0x00000007bab00000)
  object space 81408K, 48% used [0x00000007b0000000,0x00000007b26d61d0,0x00000007b4f80000)
 Metaspace       used 33250K, capacity 33631K, committed 34048K, reserved 1079296K
  class space    used 4214K, capacity 4341K, committed 4352K, reserved 1048576K
}
Event: 71.864 GC heap before
{Heap before GC invocations=15 (full 2):
 PSYoungGen      total 59392K, used 35801K [0x00000007bab00000, 0x00000007bfd80000, 0x00000007c0000000)
  eden space 33280K, 60% used [0x00000007bab00000,0x00000007bbe805f0,0x00000007bcb80000)
  from space 26112K, 60% used [0x00000007be400000,0x00000007bf375ef8,0x00000007bfd80000)
  to   space 25088K, 0% used [0x00000007bcb80000,0x00000007bcb80000,0x00000007be400000)
 ParOldGen       total 81408K, used 39768K [0x00000007b0000000, 0x00000007b4f80000, 0x00000007bab00000)
  object space 81408K, 48% used [0x00000007b0000000,0x00000007b26d61d0,0x00000007b4f80000)
 Metaspace       used 33312K, capacity 33695K, committed 34048K, reserved 1079296K
  class space    used 4214K, capacity 4341K, committed 4352K, reserved 1048576K
Event: 71.873 GC heap after
Heap after GC invocations=15 (full 2):
 PSYoungGen      total 58368K, used 22857K [0x00000007bab00000, 0x00000007c0000000, 0x00000007c0000000)
  eden space 33280K, 0% used [0x00000007bab00000,0x00000007bab00000,0x00000007bcb80000)
  from space 25088K, 91% used [0x00000007bcb80000,0x00000007be1d2608,0x00000007be400000)
  to   space 27136K, 0% used [0x00000007be580000,0x00000007be580000,0x00000007c0000000)
 ParOldGen       total 81408K, used 39768K [0x00000007b0000000, 0x00000007b4f80000, 0x00000007bab00000)
  object space 81408K, 48% used [0x00000007b0000000,0x00000007b26d61d0,0x00000007b4f80000)
 Metaspace       used 33312K, capacity 33695K, committed 34048K, reserved 1079296K
  class space    used 4214K, capacity 4341K, committed 4352K, reserved 1048576K
}

