# JRE version: Java(TM) SE Runtime Environment (8.0_66-b17) (build 1.8.0_66-b17)
# Java VM: Java HotSpot(TM) 64-Bit Server VM (25.66-b17 mixed mode bsd-amd64 compressed oops)
Heap:
 PSYoungGen      total 58368K, used 19753K [0x00000007bab00000, 0x00000007c0000000, 0x00000007c0000000)
  eden space 29696K, 66% used [0x00000007bab00000,0x00000007bbe4a568,0x00000007bc800000)
  from space 28672K, 0% used [0x00000007be400000,0x00000007be400000,0x00000007c0000000)
  to   space 28672K, 0% used [0x00000007bc800000,0x00000007bc800000,0x00000007be400000)
 ParOldGen       total 122880K, used 44139K [0x00000007b0000000, 0x00000007b7800000, 0x00000007bab00000)
  object space 122880K, 35% used [0x00000007b0000000,0x00000007b2b1aed8,0x00000007b7800000)
 Metaspace       used 32783K, capacity 33217K, committed 33536K, reserved 1079296K
  class space    used 4180K, capacity 4312K, committed 4352K, reserved 1048576K
GC Heap History (10 events):
Event: 13.935 GC heap before
{Heap before GC invocations=7 (full 1):
 PSYoungGen      total 71680K, used 69628K [0x00000007bab00000, 0x00000007c0000000, 0x00000007c0000000)
  eden space 66560K, 96% used [0x00000007bab00000,0x00000007be9ffe90,0x00000007bec00000)
  from space 5120K, 99% used [0x00000007bec00000,0x00000007bf0ff298,0x00000007bf100000)
  to   space 15360K, 0% used [0x00000007bf100000,0x00000007bf100000,0x00000007c0000000)
 ParOldGen       total 89088K, used 38492K [0x00000007b0000000, 0x00000007b5700000, 0x00000007bab00000)
  object space 89088K, 43% used [0x00000007b0000000,0x00000007b2597150,0x00000007b5700000)
 Metaspace       used 32501K, capacity 32859K, committed 33280K, reserved 1079296K
  class space    used 4169K, capacity 4305K, committed 4352K, reserved 1048576K
Event: 13.955 GC heap after
Heap after GC invocations=7 (full 1):
 PSYoungGen      total 45056K, used 15337K [0x00000007bab00000, 0x00000007c0000000, 0x00000007c0000000)
  eden space 29696K, 0% used [0x00000007bab00000,0x00000007bab00000,0x00000007bc800000)
  from space 15360K, 99% used [0x00000007bf100000,0x00000007bfffa408,0x00000007c0000000)
  to   space 28672K, 0% used [0x00000007bc800000,0x00000007bc800000,0x00000007be400000)
 ParOldGen       total 89088K, used 57576K [0x00000007b0000000, 0x00000007b5700000, 0x00000007bab00000)
  object space 89088K, 64% used [0x00000007b0000000,0x00000007b383a158,0x00000007b5700000)
 Metaspace       used 32501K, capacity 32859K, committed 33280K, reserved 1079296K
  class space    used 4169K, capacity 4305K, committed 4352K, reserved 1048576K
}
Event: 13.955 GC heap before
{Heap before GC invocations=8 (full 2):
 PSYoungGen      total 45056K, used 15337K [0x00000007bab00000, 0x00000007c0000000, 0x00000007c0000000)
  eden space 29696K, 0% used [0x00000007bab00000,0x00000007bab00000,0x00000007bc800000)
  from space 15360K, 99% used [0x00000007bf100000,0x00000007bfffa408,0x00000007c0000000)
  to   space 28672K, 0% used [0x00000007bc800000,0x00000007bc800000,0x00000007be400000)
 ParOldGen       total 89088K, used 57576K [0x00000007b0000000, 0x00000007b5700000, 0x00000007bab00000)
  object space 89088K, 64% used [0x00000007b0000000,0x00000007b383a158,0x00000007b5700000)
 Metaspace       used 32501K, capacity 32859K, committed 33280K, reserved 1079296K
  class space    used 4169K, capacity 4305K, committed 4352K, reserved 1048576K
Event: 14.021 GC heap after
Heap after GC invocations=8 (full 2):
 PSYoungGen      total 45056K, used 0K [0x00000007bab00000, 0x00000007c0000000, 0x00000007c0000000)
  eden space 29696K, 0% used [0x00000007bab00000,0x00000007bab00000,0x00000007bc800000)
  from space 15360K, 0% used [0x00000007bf100000,0x00000007bf100000,0x00000007c0000000)
  to   space 28672K, 0% used [0x00000007bc800000,0x00000007bc800000,0x00000007be400000)
 ParOldGen       total 122880K, used 39702K [0x00000007b0000000, 0x00000007b7800000, 0x00000007bab00000)
  object space 122880K, 32% used [0x00000007b0000000,0x00000007b26c5a88,0x00000007b7800000)
 Metaspace       used 32501K, capacity 32859K, committed 33280K, reserved 1079296K
  class space    used 4169K, capacity 4305K, committed 4352K, reserved 1048576K
}
Event: 22.008 GC heap before
{Heap before GC invocations=9 (full 2):
 PSYoungGen      total 45056K, used 29696K [0x00000007bab00000, 0x00000007c0000000, 0x00000007c0000000)
  eden space 29696K, 100% used [0x00000007bab00000,0x00000007bc800000,0x00000007bc800000)
  from space 15360K, 0% used [0x00000007bf100000,0x00000007bf100000,0x00000007c0000000)
  to   space 28672K, 0% used [0x00000007bc800000,0x00000007bc800000,0x00000007be400000)
 ParOldGen       total 122880K, used 39702K [0x00000007b0000000, 0x00000007b7800000, 0x00000007bab00000)
  object space 122880K, 32% used [0x00000007b0000000,0x00000007b26c5a88,0x00000007b7800000)
 Metaspace       used 32658K, capacity 33051K, committed 33280K, reserved 1079296K
  class space    used 4170K, capacity 4305K, committed 4352K, reserved 1048576K
Event: 22.015 GC heap after
Heap after GC invocations=9 (full 2):
 PSYoungGen      total 58368K, used 25336K [0x00000007bab00000, 0x00000007c0000000, 0x00000007c0000000)
  eden space 29696K, 0% used [0x00000007bab00000,0x00000007bab00000,0x00000007bc800000)
  from space 28672K, 88% used [0x00000007bc800000,0x00000007be0be188,0x00000007be400000)
  to   space 28672K, 0% used [0x00000007be400000,0x00000007be400000,0x00000007c0000000)
 ParOldGen       total 122880K, used 47103K [0x00000007b0000000, 0x00000007b7800000, 0x00000007bab00000)
  object space 122880K, 38% used [0x00000007b0000000,0x00000007b2dffc98,0x00000007b7800000)
 Metaspace       used 32658K, capacity 33051K, committed 33280K, reserved 1079296K
  class space    used 4170K, capacity 4305K, committed 4352K, reserved 1048576K
}
Event: 25.797 GC heap before
{Heap before GC invocations=10 (full 2):
 PSYoungGen      total 58368K, used 46694K [0x00000007bab00000, 0x00000007c0000000, 0x00000007c0000000)
  eden space 29696K, 71% used [0x00000007bab00000,0x00000007bbfdb6e8,0x00000007bc800000)
  from space 28672K, 88% used [0x00000007bc800000,0x00000007be0be188,0x00000007be400000)
  to   space 28672K, 0% used [0x00000007be400000,0x00000007be400000,0x00000007c0000000)
 ParOldGen       total 122880K, used 47103K [0x00000007b0000000, 0x00000007b7800000, 0x00000007bab00000)
  object space 122880K, 38% used [0x00000007b0000000,0x00000007b2dffc98,0x00000007b7800000)
 Metaspace       used 32732K, capacity 33089K, committed 33536K, reserved 1079296K
  class space    used 4178K, capacity 4312K, committed 4352K, reserved 1048576K
Event: 25.805 GC heap after
Heap after GC invocations=10 (full 2):
 PSYoungGen      total 58368K, used 27297K [0x00000007bab00000, 0x00000007c0000000, 0x00000007c0000000)
  eden space 29696K, 0% used [0x00000007bab00000,0x00000007bab00000,0x00000007bc800000)
  from space 28672K, 95% used [0x00000007be400000,0x00000007bfea8540,0x00000007c0000000)
  to   space 28672K, 0% used [0x00000007bc800000,0x00000007bc800000,0x00000007be400000)
 ParOldGen       total 122880K, used 58175K [0x00000007b0000000, 0x00000007b7800000, 0x00000007bab00000)
  object space 122880K, 47% used [0x00000007b0000000,0x00000007b38cffb8,0x00000007b7800000)
 Metaspace       used 32732K, capacity 33089K, committed 33536K, reserved 1079296K
  class space    used 4178K, capacity 4312K, committed 4352K, reserved 1048576K
}
Event: 25.805 GC heap before
{Heap before GC invocations=11 (full 3):
 PSYoungGen      total 58368K, used 27297K [0x00000007bab00000, 0x00000007c0000000, 0x00000007c0000000)
  eden space 29696K, 0% used [0x00000007bab00000,0x00000007bab00000,0x00000007bc800000)
  from space 28672K, 95% used [0x00000007be400000,0x00000007bfea8540,0x00000007c0000000)
  to   space 28672K, 0% used [0x00000007bc800000,0x00000007bc800000,0x00000007be400000)
 ParOldGen       total 122880K, used 58175K [0x00000007b0000000, 0x00000007b7800000, 0x00000007bab00000)
  object space 122880K, 47% used [0x00000007b0000000,0x00000007b38cffb8,0x00000007b7800000)
 Metaspace       used 32732K, capacity 33089K, committed 33536K, reserved 1079296K
  class space    used 4178K, capacity 4312K, committed 4352K, reserved 1048576K
Event: 25.887 GC heap after
Heap after GC invocations=11 (full 3):
 PSYoungGen      total 58368K, used 0K [0x00000007bab00000, 0x00000007c0000000, 0x00000007c0000000)
  eden space 29696K, 0% used [0x00000007bab00000,0x00000007bab00000,0x00000007bc800000)
  from space 28672K, 0% used [0x00000007be400000,0x00000007be400000,0x00000007c0000000)
  to   space 28672K, 0% used [0x00000007bc800000,0x00000007bc800000,0x00000007be400000)
 ParOldGen       total 122880K, used 44139K [0x00000007b0000000, 0x00000007b7800000, 0x00000007bab00000)
  object space 122880K, 35% used [0x00000007b0000000,0x00000007b2b1aed8,0x00000007b7800000)
 Metaspace       used 32732K, capacity 33089K, committed 33536K, reserved 1079296K
  class space    used 4178K, capacity 4312K, committed 4352K, reserved 1048576K
}

