# JRE version: Java(TM) SE Runtime Environment (8.0_66-b17) (build 1.8.0_66-b17)
# Java VM: Java HotSpot(TM) 64-Bit Server VM (25.66-b17 mixed mode bsd-amd64 compressed oops)
Heap:
 PSYoungGen      total 58368K, used 13054K [0x00000007bab00000, 0x00000007c0000000, 0x00000007c0000000)
  eden space 29696K, 43% used [0x00000007bab00000,0x00000007bb7bfa70,0x00000007bc800000)
  from space 28672K, 0% used [0x00000007be400000,0x00000007be400000,0x00000007c0000000)
  to   space 28672K, 0% used [0x00000007bc800000,0x00000007bc800000,0x00000007be400000)
 ParOldGen       total 90624K, used 39792K [0x00000007b0000000, 0x00000007b5880000, 0x00000007bab00000)
  object space 90624K, 43% used [0x00000007b0000000,0x00000007b26dc1d0,0x00000007b5880000)
 Metaspace       used 32921K, capacity 33299K, committed 33536K, reserved 1079296K
  class space    used 4212K, capacity 4339K, committed 4352K, reserved 1048576K
GC Heap History (10 events):
Event: 9.440 GC heap before
{Heap before GC invocations=6 (full 1):
 PSYoungGen      total 67072K, used 67070K [0x00000007bab00000, 0x00000007bf600000, 0x00000007c0000000)
  eden space 61952K, 100% used [0x00000007bab00000,0x00000007be780000,0x00000007be780000)
  from space 5120K, 99% used [0x00000007bf100000,0x00000007bf5ffb78,0x00000007bf600000)
  to   space 5120K, 0% used [0x00000007bec00000,0x00000007bec00000,0x00000007bf100000)
 ParOldGen       total 90624K, used 19507K [0x00000007b0000000, 0x00000007b5880000, 0x00000007bab00000)
  object space 90624K, 21% used [0x00000007b0000000,0x00000007b130ce10,0x00000007b5880000)
 Metaspace       used 31310K, capacity 31623K, committed 32000K, reserved 1077248K
  class space    used 4148K, capacity 4263K, committed 4352K, reserved 1048576K
Event: 9.455 GC heap after
Heap after GC invocations=6 (full 1):
 PSYoungGen      total 71680K, used 5112K [0x00000007bab00000, 0x00000007c0000000, 0x00000007c0000000)
  eden space 66560K, 0% used [0x00000007bab00000,0x00000007bab00000,0x00000007bec00000)
  from space 5120K, 99% used [0x00000007bec00000,0x00000007bf0fe3d0,0x00000007bf100000)
  to   space 15360K, 0% used [0x00000007bf100000,0x00000007bf100000,0x00000007c0000000)
 ParOldGen       total 90624K, used 38165K [0x00000007b0000000, 0x00000007b5880000, 0x00000007bab00000)
  object space 90624K, 42% used [0x00000007b0000000,0x00000007b2545658,0x00000007b5880000)
 Metaspace       used 31310K, capacity 31623K, committed 32000K, reserved 1077248K
  class space    used 4148K, capacity 4263K, committed 4352K, reserved 1048576K
}
Event: 28.724 GC heap before
{Heap before GC invocations=7 (full 1):
 PSYoungGen      total 71680K, used 71672K [0x00000007bab00000, 0x00000007c0000000, 0x00000007c0000000)
  eden space 66560K, 100% used [0x00000007bab00000,0x00000007bec00000,0x00000007bec00000)
  from space 5120K, 99% used [0x00000007bec00000,0x00000007bf0fe3d0,0x00000007bf100000)
  to   space 15360K, 0% used [0x00000007bf100000,0x00000007bf100000,0x00000007c0000000)
 ParOldGen       total 90624K, used 38165K [0x00000007b0000000, 0x00000007b5880000, 0x00000007bab00000)
  object space 90624K, 42% used [0x00000007b0000000,0x00000007b2545658,0x00000007b5880000)
 Metaspace       used 32441K, capacity 32805K, committed 33024K, reserved 1077248K
  class space    used 4201K, capacity 4332K, committed 4352K, reserved 1048576K
Event: 28.736 GC heap after
Heap after GC invocations=7 (full 1):
 PSYoungGen      total 45056K, used 13988K [0x00000007bab00000, 0x00000007c0000000, 0x00000007c0000000)
  eden space 29696K, 0% used [0x00000007bab00000,0x00000007bab00000,0x00000007bc800000)
  from space 15360K, 91% used [0x00000007bf100000,0x00000007bfea9190,0x00000007c0000000)
  to   space 28672K, 0% used [0x00000007bc800000,0x00000007bc800000,0x00000007be400000)
 ParOldGen       total 90624K, used 38173K [0x00000007b0000000, 0x00000007b5880000, 0x00000007bab00000)
  object space 90624K, 42% used [0x00000007b0000000,0x00000007b2547658,0x00000007b5880000)
 Metaspace       used 32441K, capacity 32805K, committed 33024K, reserved 1077248K
  class space    used 4201K, capacity 4332K, committed 4352K, reserved 1048576K
}
Event: 30.605 GC heap before
{Heap before GC invocations=8 (full 1):
 PSYoungGen      total 45056K, used 43684K [0x00000007bab00000, 0x00000007c0000000, 0x00000007c0000000)
  eden space 29696K, 100% used [0x00000007bab00000,0x00000007bc800000,0x00000007bc800000)
  from space 15360K, 91% used [0x00000007bf100000,0x00000007bfea9190,0x00000007c0000000)
  to   space 28672K, 0% used [0x00000007bc800000,0x00000007bc800000,0x00000007be400000)
 ParOldGen       total 90624K, used 38173K [0x00000007b0000000, 0x00000007b5880000, 0x00000007bab00000)
  object space 90624K, 42% used [0x00000007b0000000,0x00000007b2547658,0x00000007b5880000)
 Metaspace       used 32839K, capacity 33197K, committed 33536K, reserved 1079296K
  class space    used 4202K, capacity 4332K, committed 4352K, reserved 1048576K
Event: 30.611 GC heap after
Heap after GC invocations=8 (full 1):
 PSYoungGen      total 58368K, used 13921K [0x00000007bab00000, 0x00000007c0000000, 0x00000007c0000000)
  eden space 29696K, 0% used [0x00000007bab00000,0x00000007bab00000,0x00000007bc800000)
  from space 28672K, 48% used [0x00000007bc800000,0x00000007bd598720,0x00000007be400000)
  to   space 28672K, 0% used [0x00000007be400000,0x00000007be400000,0x00000007c0000000)
 ParOldGen       total 90624K, used 38181K [0x00000007b0000000, 0x00000007b5880000, 0x00000007bab00000)
  object space 90624K, 42% used [0x00000007b0000000,0x00000007b2549658,0x00000007b5880000)
 Metaspace       used 32839K, capacity 33197K, committed 33536K, reserved 1079296K
  class space    used 4202K, capacity 4332K, committed 4352K, reserved 1048576K
}
Event: 34.068 GC heap before
{Heap before GC invocations=9 (full 1):
 PSYoungGen      total 58368K, used 25475K [0x00000007bab00000, 0x00000007c0000000, 0x00000007c0000000)
  eden space 29696K, 38% used [0x00000007bab00000,0x00000007bb648628,0x00000007bc800000)
  from space 28672K, 48% used [0x00000007bc800000,0x00000007bd598720,0x00000007be400000)
  to   space 28672K, 0% used [0x00000007be400000,0x00000007be400000,0x00000007c0000000)
 ParOldGen       total 90624K, used 38181K [0x00000007b0000000, 0x00000007b5880000, 0x00000007bab00000)
  object space 90624K, 42% used [0x00000007b0000000,0x00000007b2549658,0x00000007b5880000)
 Metaspace       used 32883K, capacity 33299K, committed 33536K, reserved 1079296K
  class space    used 4210K, capacity 4339K, committed 4352K, reserved 1048576K
Event: 34.077 GC heap after
Heap after GC invocations=9 (full 1):
 PSYoungGen      total 58368K, used 17113K [0x00000007bab00000, 0x00000007c0000000, 0x00000007c0000000)
  eden space 29696K, 0% used [0x00000007bab00000,0x00000007bab00000,0x00000007bc800000)
  from space 28672K, 59% used [0x00000007be400000,0x00000007bf4b6700,0x00000007c0000000)
  to   space 28672K, 0% used [0x00000007bc800000,0x00000007bc800000,0x00000007be400000)
 ParOldGen       total 90624K, used 38433K [0x00000007b0000000, 0x00000007b5880000, 0x00000007bab00000)
  object space 90624K, 42% used [0x00000007b0000000,0x00000007b25885f0,0x00000007b5880000)
 Metaspace       used 32883K, capacity 33299K, committed 33536K, reserved 1079296K
  class space    used 4210K, capacity 4339K, committed 4352K, reserved 1048576K
}
Event: 34.077 GC heap before
{Heap before GC invocations=10 (full 2):
 PSYoungGen      total 58368K, used 17113K [0x00000007bab00000, 0x00000007c0000000, 0x00000007c0000000)
  eden space 29696K, 0% used [0x00000007bab00000,0x00000007bab00000,0x00000007bc800000)
  from space 28672K, 59% used [0x00000007be400000,0x00000007bf4b6700,0x00000007c0000000)
  to   space 28672K, 0% used [0x00000007bc800000,0x00000007bc800000,0x00000007be400000)
 ParOldGen       total 90624K, used 38433K [0x00000007b0000000, 0x00000007b5880000, 0x00000007bab00000)
  object space 90624K, 42% used [0x00000007b0000000,0x00000007b25885f0,0x00000007b5880000)
 Metaspace       used 32883K, capacity 33299K, committed 33536K, reserved 1079296K
  class space    used 4210K, capacity 4339K, committed 4352K, reserved 1048576K
Event: 34.152 GC heap after
Heap after GC invocations=10 (full 2):
 PSYoungGen      total 58368K, used 0K [0x00000007bab00000, 0x00000007c0000000, 0x00000007c0000000)
  eden space 29696K, 0% used [0x00000007bab00000,0x00000007bab00000,0x00000007bc800000)
  from space 28672K, 0% used [0x00000007be400000,0x00000007be400000,0x00000007c0000000)
  to   space 28672K, 0% used [0x00000007bc800000,0x00000007bc800000,0x00000007be400000)
 ParOldGen       total 90624K, used 39792K [0x00000007b0000000, 0x00000007b5880000, 0x00000007bab00000)
  object space 90624K, 43% used [0x00000007b0000000,0x00000007b26dc1d0,0x00000007b5880000)
 Metaspace       used 32883K, capacity 33299K, committed 33536K, reserved 1079296K
  class space    used 4210K, capacity 4339K, committed 4352K, reserved 1048576K
}

