# JRE version: Java(TM) SE Runtime Environment (8.0_66-b17) (build 1.8.0_66-b17)
# Java VM: Java HotSpot(TM) 64-Bit Server VM (25.66-b17 mixed mode bsd-amd64 compressed oops)
Heap:
 PSYoungGen      total 58368K, used 24773K [0x00000007bab00000, 0x00000007c0000000, 0x00000007c0000000)
  eden space 29696K, 83% used [0x00000007bab00000,0x00000007bc331700,0x00000007bc800000)
  from space 28672K, 0% used [0x00000007bc800000,0x00000007bc800000,0x00000007be400000)
  to   space 28672K, 0% used [0x00000007be400000,0x00000007be400000,0x00000007c0000000)
 ParOldGen       total 150528K, used 48337K [0x00000007b0000000, 0x00000007b9300000, 0x00000007bab00000)
  object space 150528K, 32% used [0x00000007b0000000,0x00000007b2f34600,0x00000007b9300000)
 Metaspace       used 33213K, capacity 33645K, committed 34048K, reserved 1079296K
  class space    used 4230K, capacity 4346K, committed 4352K, reserved 1048576K
GC Heap History (10 events):
Event: 111.429 GC heap before
{Heap before GC invocations=17 (full 3):
 PSYoungGen      total 58368K, used 14495K [0x00000007bab00000, 0x00000007c0000000, 0x00000007c0000000)
  eden space 29696K, 0% used [0x00000007bab00000,0x00000007bab00000,0x00000007bc800000)
  from space 28672K, 50% used [0x00000007be400000,0x00000007bf227f40,0x00000007c0000000)
  to   space 28672K, 0% used [0x00000007bc800000,0x00000007bc800000,0x00000007be400000)
 ParOldGen       total 150528K, used 65862K [0x00000007b0000000, 0x00000007b9300000, 0x00000007bab00000)
  object space 150528K, 43% used [0x00000007b0000000,0x00000007b4051960,0x00000007b9300000)
 Metaspace       used 32856K, capacity 33249K, committed 33536K, reserved 1079296K
  class space    used 4225K, capacity 4344K, committed 4352K, reserved 1048576K
Event: 111.508 GC heap after
Heap after GC invocations=17 (full 3):
 PSYoungGen      total 58368K, used 0K [0x00000007bab00000, 0x00000007c0000000, 0x00000007c0000000)
  eden space 29696K, 0% used [0x00000007bab00000,0x00000007bab00000,0x00000007bc800000)
  from space 28672K, 0% used [0x00000007be400000,0x00000007be400000,0x00000007c0000000)
  to   space 28672K, 0% used [0x00000007bc800000,0x00000007bc800000,0x00000007be400000)
 ParOldGen       total 150528K, used 48400K [0x00000007b0000000, 0x00000007b9300000, 0x00000007bab00000)
  object space 150528K, 32% used [0x00000007b0000000,0x00000007b2f44208,0x00000007b9300000)
 Metaspace       used 32856K, capacity 33249K, committed 33536K, reserved 1079296K
  class space    used 4225K, capacity 4344K, committed 4352K, reserved 1048576K
}
Event: 113.116 GC heap before
{Heap before GC invocations=18 (full 3):
 PSYoungGen      total 58368K, used 29241K [0x00000007bab00000, 0x00000007c0000000, 0x00000007c0000000)
  eden space 29696K, 98% used [0x00000007bab00000,0x00000007bc78e7b8,0x00000007bc800000)
  from space 28672K, 0% used [0x00000007be400000,0x00000007be400000,0x00000007c0000000)
  to   space 28672K, 0% used [0x00000007bc800000,0x00000007bc800000,0x00000007be400000)
 ParOldGen       total 150528K, used 53116K [0x00000007b0000000, 0x00000007b9300000, 0x00000007bab00000)
  object space 150528K, 35% used [0x00000007b0000000,0x00000007b33df188,0x00000007b9300000)
 Metaspace       used 32954K, capacity 33325K, committed 33792K, reserved 1079296K
  class space    used 4230K, capacity 4346K, committed 4352K, reserved 1048576K
Event: 113.120 GC heap after
Heap after GC invocations=18 (full 3):
 PSYoungGen      total 58368K, used 2875K [0x00000007bab00000, 0x00000007c0000000, 0x00000007c0000000)
  eden space 29696K, 0% used [0x00000007bab00000,0x00000007bab00000,0x00000007bc800000)
  from space 28672K, 10% used [0x00000007bc800000,0x00000007bcacec80,0x00000007be400000)
  to   space 28672K, 0% used [0x00000007be400000,0x00000007be400000,0x00000007c0000000)
 ParOldGen       total 150528K, used 53124K [0x00000007b0000000, 0x00000007b9300000, 0x00000007bab00000)
  object space 150528K, 35% used [0x00000007b0000000,0x00000007b33e1188,0x00000007b9300000)
 Metaspace       used 32954K, capacity 33325K, committed 33792K, reserved 1079296K
  class space    used 4230K, capacity 4346K, committed 4352K, reserved 1048576K
}
Event: 113.474 GC heap before
{Heap before GC invocations=19 (full 3):
 PSYoungGen      total 58368K, used 32571K [0x00000007bab00000, 0x00000007c0000000, 0x00000007c0000000)
  eden space 29696K, 100% used [0x00000007bab00000,0x00000007bc800000,0x00000007bc800000)
  from space 28672K, 10% used [0x00000007bc800000,0x00000007bcacec80,0x00000007be400000)
  to   space 28672K, 0% used [0x00000007be400000,0x00000007be400000,0x00000007c0000000)
 ParOldGen       total 150528K, used 54772K [0x00000007b0000000, 0x00000007b9300000, 0x00000007bab00000)
  object space 150528K, 36% used [0x00000007b0000000,0x00000007b357d258,0x00000007b9300000)
 Metaspace       used 33116K, capacity 33517K, committed 33792K, reserved 1079296K
  class space    used 4230K, capacity 4346K, committed 4352K, reserved 1048576K
Event: 113.476 GC heap after
Heap after GC invocations=19 (full 3):
 PSYoungGen      total 58368K, used 2850K [0x00000007bab00000, 0x00000007c0000000, 0x00000007c0000000)
  eden space 29696K, 0% used [0x00000007bab00000,0x00000007bab00000,0x00000007bc800000)
  from space 28672K, 9% used [0x00000007be400000,0x00000007be6c8908,0x00000007c0000000)
  to   space 28672K, 0% used [0x00000007bc800000,0x00000007bc800000,0x00000007be400000)
 ParOldGen       total 150528K, used 57479K [0x00000007b0000000, 0x00000007b9300000, 0x00000007bab00000)
  object space 150528K, 38% used [0x00000007b0000000,0x00000007b3821fd8,0x00000007b9300000)
 Metaspace       used 33116K, capacity 33517K, committed 33792K, reserved 1079296K
  class space    used 4230K, capacity 4346K, committed 4352K, reserved 1048576K
}
Event: 119.552 GC heap before
{Heap before GC invocations=20 (full 3):
 PSYoungGen      total 58368K, used 26791K [0x00000007bab00000, 0x00000007c0000000, 0x00000007c0000000)
  eden space 29696K, 80% used [0x00000007bab00000,0x00000007bc261648,0x00000007bc800000)
  from space 28672K, 9% used [0x00000007be400000,0x00000007be6c8908,0x00000007c0000000)
  to   space 28672K, 0% used [0x00000007bc800000,0x00000007bc800000,0x00000007be400000)
 ParOldGen       total 150528K, used 57479K [0x00000007b0000000, 0x00000007b9300000, 0x00000007bab00000)
  object space 150528K, 38% used [0x00000007b0000000,0x00000007b3821fd8,0x00000007b9300000)
 Metaspace       used 33194K, capacity 33645K, committed 34048K, reserved 1079296K
  class space    used 4230K, capacity 4346K, committed 4352K, reserved 1048576K
Event: 119.565 GC heap after
Heap after GC invocations=20 (full 3):
 PSYoungGen      total 58368K, used 23436K [0x00000007bab00000, 0x00000007c0000000, 0x00000007c0000000)
  eden space 29696K, 0% used [0x00000007bab00000,0x00000007bab00000,0x00000007bc800000)
  from space 28672K, 81% used [0x00000007bc800000,0x00000007bdee3060,0x00000007be400000)
  to   space 28672K, 0% used [0x00000007be400000,0x00000007be400000,0x00000007c0000000)
 ParOldGen       total 150528K, used 60001K [0x00000007b0000000, 0x00000007b9300000, 0x00000007bab00000)
  object space 150528K, 39% used [0x00000007b0000000,0x00000007b3a98530,0x00000007b9300000)
 Metaspace       used 33194K, capacity 33645K, committed 34048K, reserved 1079296K
  class space    used 4230K, capacity 4346K, committed 4352K, reserved 1048576K
}
Event: 119.565 GC heap before
{Heap before GC invocations=21 (full 4):
 PSYoungGen      total 58368K, used 23436K [0x00000007bab00000, 0x00000007c0000000, 0x00000007c0000000)
  eden space 29696K, 0% used [0x00000007bab00000,0x00000007bab00000,0x00000007bc800000)
  from space 28672K, 81% used [0x00000007bc800000,0x00000007bdee3060,0x00000007be400000)
  to   space 28672K, 0% used [0x00000007be400000,0x00000007be400000,0x00000007c0000000)
 ParOldGen       total 150528K, used 60001K [0x00000007b0000000, 0x00000007b9300000, 0x00000007bab00000)
  object space 150528K, 39% used [0x00000007b0000000,0x00000007b3a98530,0x00000007b9300000)
 Metaspace       used 33194K, capacity 33645K, committed 34048K, reserved 1079296K
  class space    used 4230K, capacity 4346K, committed 4352K, reserved 1048576K
Event: 119.649 GC heap after
Heap after GC invocations=21 (full 4):
 PSYoungGen      total 58368K, used 0K [0x00000007bab00000, 0x00000007c0000000, 0x00000007c0000000)
  eden space 29696K, 0% used [0x00000007bab00000,0x00000007bab00000,0x00000007bc800000)
  from space 28672K, 0% used [0x00000007bc800000,0x00000007bc800000,0x00000007be400000)
  to   space 28672K, 0% used [0x00000007be400000,0x00000007be400000,0x00000007c0000000)
 ParOldGen       total 150528K, used 48337K [0x00000007b0000000, 0x00000007b9300000, 0x00000007bab00000)
  object space 150528K, 32% used [0x00000007b0000000,0x00000007b2f34600,0x00000007b9300000)
 Metaspace       used 33194K, capacity 33645K, committed 34048K, reserved 1079296K
  class space    used 4230K, capacity 4346K, committed 4352K, reserved 1048576K
}

