# JRE version: Java(TM) SE Runtime Environment (8.0_66-b17) (build 1.8.0_66-b17)
# Java VM: Java HotSpot(TM) 64-Bit Server VM (25.66-b17 mixed mode bsd-amd64 compressed oops)
Heap:
 PSYoungGen      total 36864K, used 16896K [0x00000007bab00000, 0x00000007be400000, 0x00000007c0000000)
  eden space 16896K, 100% used [0x00000007bab00000,0x00000007bbb80000,0x00000007bbb80000)
  from space 19968K, 0% used [0x00000007bcf80000,0x00000007bcf80000,0x00000007be300000)
  to   space 20480K, 0% used [0x00000007bbb80000,0x00000007bbb80000,0x00000007bcf80000)
 ParOldGen       total 113152K, used 42552K [0x00000007b0000000, 0x00000007b6e80000, 0x00000007bab00000)
  object space 113152K, 37% used [0x00000007b0000000,0x00000007b298e040,0x00000007b6e80000)
 Metaspace       used 34201K, capacity 34589K, committed 34944K, reserved 1079296K
  class space    used 4246K, capacity 4378K, committed 4480K, reserved 1048576K
GC Heap History (10 events):
Event: 661.744 GC heap before
{Heap before GC invocations=92 (full 7):
 PSYoungGen      total 37888K, used 32085K [0x00000007bab00000, 0x00000007be600000, 0x00000007c0000000)
  eden space 17408K, 99% used [0x00000007bab00000,0x00000007bbbfac98,0x00000007bbc00000)
  from space 20480K, 71% used [0x00000007bd200000,0x00000007be05a928,0x00000007be600000)
  to   space 21504K, 0% used [0x00000007bbc00000,0x00000007bbc00000,0x00000007bd100000)
 ParOldGen       total 113152K, used 72040K [0x00000007b0000000, 0x00000007b6e80000, 0x00000007bab00000)
  object space 113152K, 63% used [0x00000007b0000000,0x00000007b465a3e8,0x00000007b6e80000)
 Metaspace       used 34201K, capacity 34589K, committed 34944K, reserved 1079296K
  class space    used 4246K, capacity 4378K, committed 4480K, reserved 1048576K
Event: 661.748 GC heap after
Heap after GC invocations=92 (full 7):
 PSYoungGen      total 32256K, used 14660K [0x00000007bab00000, 0x00000007be500000, 0x00000007c0000000)
  eden space 17408K, 0% used [0x00000007bab00000,0x00000007bab00000,0x00000007bbc00000)
  from space 14848K, 98% used [0x00000007bbc00000,0x00000007bca51388,0x00000007bca80000)
  to   space 20992K, 0% used [0x00000007bd080000,0x00000007bd080000,0x00000007be500000)
 ParOldGen       total 113152K, used 72122K [0x00000007b0000000, 0x00000007b6e80000, 0x00000007bab00000)
  object space 113152K, 63% used [0x00000007b0000000,0x00000007b466e838,0x00000007b6e80000)
 Metaspace       used 34201K, capacity 34589K, committed 34944K, reserved 1079296K
  class space    used 4246K, capacity 4378K, committed 4480K, reserved 1048576K
}
Event: 669.964 GC heap before
{Heap before GC invocations=93 (full 7):
 PSYoungGen      total 32256K, used 32068K [0x00000007bab00000, 0x00000007be500000, 0x00000007c0000000)
  eden space 17408K, 100% used [0x00000007bab00000,0x00000007bbc00000,0x00000007bbc00000)
  from space 14848K, 98% used [0x00000007bbc00000,0x00000007bca51388,0x00000007bca80000)
  to   space 20992K, 0% used [0x00000007bd080000,0x00000007bd080000,0x00000007be500000)
 ParOldGen       total 113152K, used 72122K [0x00000007b0000000, 0x00000007b6e80000, 0x00000007bab00000)
  object space 113152K, 63% used [0x00000007b0000000,0x00000007b466e838,0x00000007b6e80000)
 Metaspace       used 34201K, capacity 34589K, committed 34944K, reserved 1079296K
  class space    used 4246K, capacity 4378K, committed 4480K, reserved 1048576K
Event: 669.973 GC heap after
Heap after GC invocations=93 (full 7):
 PSYoungGen      total 37376K, used 14604K [0x00000007bab00000, 0x00000007be400000, 0x00000007c0000000)
  eden space 17408K, 0% used [0x00000007bab00000,0x00000007bab00000,0x00000007bbc00000)
  from space 19968K, 73% used [0x00000007bd080000,0x00000007bdec3030,0x00000007be400000)
  to   space 20480K, 0% used [0x00000007bbc00000,0x00000007bbc00000,0x00000007bd000000)
 ParOldGen       total 113152K, used 72185K [0x00000007b0000000, 0x00000007b6e80000, 0x00000007bab00000)
  object space 113152K, 63% used [0x00000007b0000000,0x00000007b467e608,0x00000007b6e80000)
 Metaspace       used 34201K, capacity 34589K, committed 34944K, reserved 1079296K
  class space    used 4246K, capacity 4378K, committed 4480K, reserved 1048576K
}
Event: 678.208 GC heap before
{Heap before GC invocations=94 (full 7):
 PSYoungGen      total 37376K, used 32012K [0x00000007bab00000, 0x00000007be400000, 0x00000007c0000000)
  eden space 17408K, 100% used [0x00000007bab00000,0x00000007bbc00000,0x00000007bbc00000)
  from space 19968K, 73% used [0x00000007bd080000,0x00000007bdec3030,0x00000007be400000)
  to   space 20480K, 0% used [0x00000007bbc00000,0x00000007bbc00000,0x00000007bd000000)
 ParOldGen       total 113152K, used 72185K [0x00000007b0000000, 0x00000007b6e80000, 0x00000007bab00000)
  object space 113152K, 63% used [0x00000007b0000000,0x00000007b467e608,0x00000007b6e80000)
 Metaspace       used 34201K, capacity 34589K, committed 34944K, reserved 1079296K
  class space    used 4246K, capacity 4378K, committed 4480K, reserved 1048576K
Event: 678.219 GC heap after
Heap after GC invocations=94 (full 7):
 PSYoungGen      total 32256K, used 14340K [0x00000007bab00000, 0x00000007be300000, 0x00000007c0000000)
  eden space 17408K, 0% used [0x00000007bab00000,0x00000007bab00000,0x00000007bbc00000)
  from space 14848K, 96% used [0x00000007bbc00000,0x00000007bca01068,0x00000007bca80000)
  to   space 19968K, 0% used [0x00000007bcf80000,0x00000007bcf80000,0x00000007be300000)
 ParOldGen       total 113152K, used 72441K [0x00000007b0000000, 0x00000007b6e80000, 0x00000007bab00000)
  object space 113152K, 64% used [0x00000007b0000000,0x00000007b46be5e8,0x00000007b6e80000)
 Metaspace       used 34201K, capacity 34589K, committed 34944K, reserved 1079296K
  class space    used 4246K, capacity 4378K, committed 4480K, reserved 1048576K
}
Event: 682.012 GC heap before
{Heap before GC invocations=95 (full 7):
 PSYoungGen      total 32256K, used 26258K [0x00000007bab00000, 0x00000007be300000, 0x00000007c0000000)
  eden space 17408K, 68% used [0x00000007bab00000,0x00000007bb6a37d8,0x00000007bbc00000)
  from space 14848K, 96% used [0x00000007bbc00000,0x00000007bca01068,0x00000007bca80000)
  to   space 19968K, 0% used [0x00000007bcf80000,0x00000007bcf80000,0x00000007be300000)
 ParOldGen       total 113152K, used 72441K [0x00000007b0000000, 0x00000007b6e80000, 0x00000007bab00000)
  object space 113152K, 64% used [0x00000007b0000000,0x00000007b46be5e8,0x00000007b6e80000)
 Metaspace       used 34201K, capacity 34589K, committed 34944K, reserved 1079296K
  class space    used 4246K, capacity 4378K, committed 4480K, reserved 1048576K
Event: 682.021 GC heap after
Heap after GC invocations=95 (full 7):
 PSYoungGen      total 36864K, used 17196K [0x00000007bab00000, 0x00000007be400000, 0x00000007c0000000)
  eden space 16896K, 0% used [0x00000007bab00000,0x00000007bab00000,0x00000007bbb80000)
  from space 19968K, 86% used [0x00000007bcf80000,0x00000007be04b3d0,0x00000007be300000)
  to   space 20480K, 0% used [0x00000007bbb80000,0x00000007bbb80000,0x00000007bcf80000)
 ParOldGen       total 113152K, used 79223K [0x00000007b0000000, 0x00000007b6e80000, 0x00000007bab00000)
  object space 113152K, 70% used [0x00000007b0000000,0x00000007b4d5dec8,0x00000007b6e80000)
 Metaspace       used 34201K, capacity 34589K, committed 34944K, reserved 1079296K
  class space    used 4246K, capacity 4378K, committed 4480K, reserved 1048576K
}
Event: 682.021 GC heap before
{Heap before GC invocations=96 (full 8):
 PSYoungGen      total 36864K, used 17196K [0x00000007bab00000, 0x00000007be400000, 0x00000007c0000000)
  eden space 16896K, 0% used [0x00000007bab00000,0x00000007bab00000,0x00000007bbb80000)
  from space 19968K, 86% used [0x00000007bcf80000,0x00000007be04b3d0,0x00000007be300000)
  to   space 20480K, 0% used [0x00000007bbb80000,0x00000007bbb80000,0x00000007bcf80000)
 ParOldGen       total 113152K, used 79223K [0x00000007b0000000, 0x00000007b6e80000, 0x00000007bab00000)
  object space 113152K, 70% used [0x00000007b0000000,0x00000007b4d5dec8,0x00000007b6e80000)
 Metaspace       used 34201K, capacity 34589K, committed 34944K, reserved 1079296K
  class space    used 4246K, capacity 4378K, committed 4480K, reserved 1048576K
Event: 682.095 GC heap after
Heap after GC invocations=96 (full 8):
 PSYoungGen      total 36864K, used 0K [0x00000007bab00000, 0x00000007be400000, 0x00000007c0000000)
  eden space 16896K, 0% used [0x00000007bab00000,0x00000007bab00000,0x00000007bbb80000)
  from space 19968K, 0% used [0x00000007bcf80000,0x00000007bcf80000,0x00000007be300000)
  to   space 20480K, 0% used [0x00000007bbb80000,0x00000007bbb80000,0x00000007bcf80000)
 ParOldGen       total 113152K, used 42552K [0x00000007b0000000, 0x00000007b6e80000, 0x00000007bab00000)
  object space 113152K, 37% used [0x00000007b0000000,0x00000007b298e040,0x00000007b6e80000)
 Metaspace       used 34201K, capacity 34589K, committed 34944K, reserved 1079296K
  class space    used 4246K, capacity 4378K, committed 4480K, reserved 1048576K
}

