# JRE version: Java(TM) SE Runtime Environment (8.0_66-b17) (build 1.8.0_66-b17)
# Java VM: Java HotSpot(TM) 64-Bit Server VM (25.66-b17 mixed mode bsd-amd64 compressed oops)
Heap:
 PSYoungGen      total 57856K, used 12754K [0x00000007bab00000, 0x00000007bff80000, 0x00000007c0000000)
  eden space 29184K, 43% used [0x00000007bab00000,0x00000007bb774890,0x00000007bc780000)
  from space 28672K, 0% used [0x00000007bc780000,0x00000007bc780000,0x00000007be380000)
  to   space 28672K, 0% used [0x00000007be380000,0x00000007be380000,0x00000007bff80000)
 ParOldGen       total 118784K, used 38532K [0x00000007b0000000, 0x00000007b7400000, 0x00000007bab00000)
  object space 118784K, 32% used [0x00000007b0000000,0x00000007b25a1340,0x00000007b7400000)
 Metaspace       used 33536K, capacity 33951K, committed 34304K, reserved 1079296K
  class space    used 4222K, capacity 4341K, committed 4352K, reserved 1048576K
GC Heap History (10 events):
Event: 60.252 GC heap before
{Heap before GC invocations=17 (full 3):
 PSYoungGen      total 58368K, used 603K [0x00000007bab00000, 0x00000007c0000000, 0x00000007c0000000)
  eden space 29696K, 2% used [0x00000007bab00000,0x00000007bab96d18,0x00000007bc800000)
  from space 28672K, 0% used [0x00000007bc800000,0x00000007bc800000,0x00000007be400000)
  to   space 28672K, 0% used [0x00000007be400000,0x00000007be400000,0x00000007c0000000)
 ParOldGen       total 118784K, used 38521K [0x00000007b0000000, 0x00000007b7400000, 0x00000007bab00000)
  object space 118784K, 32% used [0x00000007b0000000,0x00000007b259e7e8,0x00000007b7400000)
 Metaspace       used 33390K, capacity 33759K, committed 34048K, reserved 1079296K
  class space    used 4222K, capacity 4341K, committed 4352K, reserved 1048576K
Event: 60.253 GC heap after
Heap after GC invocations=17 (full 3):
 PSYoungGen      total 58368K, used 128K [0x00000007bab00000, 0x00000007c0000000, 0x00000007c0000000)
  eden space 29696K, 0% used [0x00000007bab00000,0x00000007bab00000,0x00000007bc800000)
  from space 28672K, 0% used [0x00000007be400000,0x00000007be420000,0x00000007c0000000)
  to   space 28672K, 0% used [0x00000007bc800000,0x00000007bc800000,0x00000007be400000)
 ParOldGen       total 118784K, used 38521K [0x00000007b0000000, 0x00000007b7400000, 0x00000007bab00000)
  object space 118784K, 32% used [0x00000007b0000000,0x00000007b259e7e8,0x00000007b7400000)
 Metaspace       used 33390K, capacity 33759K, committed 34048K, reserved 1079296K
  class space    used 4222K, capacity 4341K, committed 4352K, reserved 1048576K
}
Event: 63.381 GC heap before
{Heap before GC invocations=18 (full 3):
 PSYoungGen      total 58368K, used 26659K [0x00000007bab00000, 0x00000007c0000000, 0x00000007c0000000)
  eden space 29696K, 89% used [0x00000007bab00000,0x00000007bc4e8eb8,0x00000007bc800000)
  from space 28672K, 0% used [0x00000007be400000,0x00000007be420000,0x00000007c0000000)
  to   space 28672K, 0% used [0x00000007bc800000,0x00000007bc800000,0x00000007be400000)
 ParOldGen       total 118784K, used 38521K [0x00000007b0000000, 0x00000007b7400000, 0x00000007bab00000)
  object space 118784K, 32% used [0x00000007b0000000,0x00000007b259e7e8,0x00000007b7400000)
 Metaspace       used 33479K, capacity 33823K, committed 34048K, reserved 1079296K
  class space    used 4222K, capacity 4341K, committed 4352K, reserved 1048576K
Event: 63.385 GC heap after
Heap after GC invocations=18 (full 3):
 PSYoungGen      total 39424K, used 10117K [0x00000007bab00000, 0x00000007bff80000, 0x00000007c0000000)
  eden space 29184K, 0% used [0x00000007bab00000,0x00000007bab00000,0x00000007bc780000)
  from space 10240K, 98% used [0x00000007bc800000,0x00000007bd1e14b0,0x00000007bd200000)
  to   space 28672K, 0% used [0x00000007be380000,0x00000007be380000,0x00000007bff80000)
 ParOldGen       total 118784K, used 38561K [0x00000007b0000000, 0x00000007b7400000, 0x00000007bab00000)
  object space 118784K, 32% used [0x00000007b0000000,0x00000007b25a87e8,0x00000007b7400000)
 Metaspace       used 33479K, capacity 33823K, committed 34048K, reserved 1079296K
  class space    used 4222K, capacity 4341K, committed 4352K, reserved 1048576K
}
Event: 64.706 GC heap before
{Heap before GC invocations=19 (full 3):
 PSYoungGen      total 39424K, used 39301K [0x00000007bab00000, 0x00000007bff80000, 0x00000007c0000000)
  eden space 29184K, 100% used [0x00000007bab00000,0x00000007bc780000,0x00000007bc780000)
  from space 10240K, 98% used [0x00000007bc800000,0x00000007bd1e14b0,0x00000007bd200000)
  to   space 28672K, 0% used [0x00000007be380000,0x00000007be380000,0x00000007bff80000)
 ParOldGen       total 118784K, used 39161K [0x00000007b0000000, 0x00000007b7400000, 0x00000007bab00000)
  object space 118784K, 32% used [0x00000007b0000000,0x00000007b263e6c8,0x00000007b7400000)
 Metaspace       used 33522K, capacity 33951K, committed 34304K, reserved 1079296K
  class space    used 4222K, capacity 4341K, committed 4352K, reserved 1048576K
Event: 64.711 GC heap after
Heap after GC invocations=19 (full 3):
 PSYoungGen      total 57856K, used 5210K [0x00000007bab00000, 0x00000007bff80000, 0x00000007c0000000)
  eden space 29184K, 0% used [0x00000007bab00000,0x00000007bab00000,0x00000007bc780000)
  from space 28672K, 18% used [0x00000007be380000,0x00000007be8969e8,0x00000007bff80000)
  to   space 28672K, 0% used [0x00000007bc780000,0x00000007bc780000,0x00000007be380000)
 ParOldGen       total 118784K, used 44416K [0x00000007b0000000, 0x00000007b7400000, 0x00000007bab00000)
  object space 118784K, 37% used [0x00000007b0000000,0x00000007b2b603b8,0x00000007b7400000)
 Metaspace       used 33522K, capacity 33951K, committed 34304K, reserved 1079296K
  class space    used 4222K, capacity 4341K, committed 4352K, reserved 1048576K
}
Event: 73.858 GC heap before
{Heap before GC invocations=20 (full 3):
 PSYoungGen      total 57856K, used 29472K [0x00000007bab00000, 0x00000007bff80000, 0x00000007c0000000)
  eden space 29184K, 83% used [0x00000007bab00000,0x00000007bc2b1838,0x00000007bc780000)
  from space 28672K, 18% used [0x00000007be380000,0x00000007be8969e8,0x00000007bff80000)
  to   space 28672K, 0% used [0x00000007bc780000,0x00000007bc780000,0x00000007be380000)
 ParOldGen       total 118784K, used 44416K [0x00000007b0000000, 0x00000007b7400000, 0x00000007bab00000)
  object space 118784K, 37% used [0x00000007b0000000,0x00000007b2b603b8,0x00000007b7400000)
 Metaspace       used 33535K, capacity 33951K, committed 34304K, reserved 1079296K
  class space    used 4222K, capacity 4341K, committed 4352K, reserved 1048576K
Event: 73.863 GC heap after
Heap after GC invocations=20 (full 3):
 PSYoungGen      total 57856K, used 18854K [0x00000007bab00000, 0x00000007bff80000, 0x00000007c0000000)
  eden space 29184K, 0% used [0x00000007bab00000,0x00000007bab00000,0x00000007bc780000)
  from space 28672K, 65% used [0x00000007bc780000,0x00000007bd9e9ad0,0x00000007be380000)
  to   space 28672K, 0% used [0x00000007be380000,0x00000007be380000,0x00000007bff80000)
 ParOldGen       total 118784K, used 47798K [0x00000007b0000000, 0x00000007b7400000, 0x00000007bab00000)
  object space 118784K, 40% used [0x00000007b0000000,0x00000007b2eadbd0,0x00000007b7400000)
 Metaspace       used 33535K, capacity 33951K, committed 34304K, reserved 1079296K
  class space    used 4222K, capacity 4341K, committed 4352K, reserved 1048576K
}
Event: 73.863 GC heap before
{Heap before GC invocations=21 (full 4):
 PSYoungGen      total 57856K, used 18854K [0x00000007bab00000, 0x00000007bff80000, 0x00000007c0000000)
  eden space 29184K, 0% used [0x00000007bab00000,0x00000007bab00000,0x00000007bc780000)
  from space 28672K, 65% used [0x00000007bc780000,0x00000007bd9e9ad0,0x00000007be380000)
  to   space 28672K, 0% used [0x00000007be380000,0x00000007be380000,0x00000007bff80000)
 ParOldGen       total 118784K, used 47798K [0x00000007b0000000, 0x00000007b7400000, 0x00000007bab00000)
  object space 118784K, 40% used [0x00000007b0000000,0x00000007b2eadbd0,0x00000007b7400000)
 Metaspace       used 33535K, capacity 33951K, committed 34304K, reserved 1079296K
  class space    used 4222K, capacity 4341K, committed 4352K, reserved 1048576K
Event: 73.961 GC heap after
Heap after GC invocations=21 (full 4):
 PSYoungGen      total 57856K, used 0K [0x00000007bab00000, 0x00000007bff80000, 0x00000007c0000000)
  eden space 29184K, 0% used [0x00000007bab00000,0x00000007bab00000,0x00000007bc780000)
  from space 28672K, 0% used [0x00000007bc780000,0x00000007bc780000,0x00000007be380000)
  to   space 28672K, 0% used [0x00000007be380000,0x00000007be380000,0x00000007bff80000)
 ParOldGen       total 118784K, used 38532K [0x00000007b0000000, 0x00000007b7400000, 0x00000007bab00000)
  object space 118784K, 32% used [0x00000007b0000000,0x00000007b25a1340,0x00000007b7400000)
 Metaspace       used 33535K, capacity 33951K, committed 34304K, reserved 1079296K
  class space    used 4222K, capacity 4341K, committed 4352K, reserved 1048576K
}

