# JRE version: Java(TM) SE Runtime Environment (8.0_66-b17) (build 1.8.0_66-b17)
# Java VM: Java HotSpot(TM) 64-Bit Server VM (25.66-b17 mixed mode bsd-amd64 compressed oops)
Heap:
 PSYoungGen      total 58368K, used 20296K [0x00000007bab00000, 0x00000007c0000000, 0x00000007c0000000)
  eden space 29696K, 68% used [0x00000007bab00000,0x00000007bbed2020,0x00000007bc800000)
  from space 28672K, 0% used [0x00000007be400000,0x00000007be400000,0x00000007c0000000)
  to   space 28672K, 0% used [0x00000007bc800000,0x00000007bc800000,0x00000007be400000)
 ParOldGen       total 125952K, used 44908K [0x00000007b0000000, 0x00000007b7b00000, 0x00000007bab00000)
  object space 125952K, 35% used [0x00000007b0000000,0x00000007b2bdb1f8,0x00000007b7b00000)
 Metaspace       used 32783K, capacity 33217K, committed 33536K, reserved 1079296K
  class space    used 4180K, capacity 4312K, committed 4352K, reserved 1048576K
GC Heap History (10 events):
Event: 14.508 GC heap before
{Heap before GC invocations=9 (full 1):
 PSYoungGen      total 58368K, used 53330K [0x00000007bab00000, 0x00000007c0000000, 0x00000007c0000000)
  eden space 29696K, 89% used [0x00000007bab00000,0x00000007bc4fde20,0x00000007bc800000)
  from space 28672K, 93% used [0x00000007bc800000,0x00000007be216cf0,0x00000007be400000)
  to   space 28672K, 0% used [0x00000007be400000,0x00000007be400000,0x00000007c0000000)
 ParOldGen       total 88064K, used 56210K [0x00000007b0000000, 0x00000007b5600000, 0x00000007bab00000)
  object space 88064K, 63% used [0x00000007b0000000,0x00000007b36e4ba8,0x00000007b5600000)
 Metaspace       used 32511K, capacity 32859K, committed 33280K, reserved 1079296K
  class space    used 4170K, capacity 4305K, committed 4352K, reserved 1048576K
Event: 14.533 GC heap after
Heap after GC invocations=9 (full 1):
 PSYoungGen      total 58368K, used 27745K [0x00000007bab00000, 0x00000007c0000000, 0x00000007c0000000)
  eden space 29696K, 0% used [0x00000007bab00000,0x00000007bab00000,0x00000007bc800000)
  from space 28672K, 96% used [0x00000007be400000,0x00000007bff18500,0x00000007c0000000)
  to   space 28672K, 0% used [0x00000007bc800000,0x00000007bc800000,0x00000007be400000)
 ParOldGen       total 88064K, used 64190K [0x00000007b0000000, 0x00000007b5600000, 0x00000007bab00000)
  object space 88064K, 72% used [0x00000007b0000000,0x00000007b3eaf978,0x00000007b5600000)
 Metaspace       used 32511K, capacity 32859K, committed 33280K, reserved 1079296K
  class space    used 4170K, capacity 4305K, committed 4352K, reserved 1048576K
}
Event: 14.533 GC heap before
{Heap before GC invocations=10 (full 2):
 PSYoungGen      total 58368K, used 27745K [0x00000007bab00000, 0x00000007c0000000, 0x00000007c0000000)
  eden space 29696K, 0% used [0x00000007bab00000,0x00000007bab00000,0x00000007bc800000)
  from space 28672K, 96% used [0x00000007be400000,0x00000007bff18500,0x00000007c0000000)
  to   space 28672K, 0% used [0x00000007bc800000,0x00000007bc800000,0x00000007be400000)
 ParOldGen       total 88064K, used 64190K [0x00000007b0000000, 0x00000007b5600000, 0x00000007bab00000)
  object space 88064K, 72% used [0x00000007b0000000,0x00000007b3eaf978,0x00000007b5600000)
 Metaspace       used 32511K, capacity 32859K, committed 33280K, reserved 1079296K
  class space    used 4170K, capacity 4305K, committed 4352K, reserved 1048576K
Event: 14.607 GC heap after
Heap after GC invocations=10 (full 2):
 PSYoungGen      total 58368K, used 0K [0x00000007bab00000, 0x00000007c0000000, 0x00000007c0000000)
  eden space 29696K, 0% used [0x00000007bab00000,0x00000007bab00000,0x00000007bc800000)
  from space 28672K, 0% used [0x00000007be400000,0x00000007be400000,0x00000007c0000000)
  to   space 28672K, 0% used [0x00000007bc800000,0x00000007bc800000,0x00000007be400000)
 ParOldGen       total 125952K, used 41287K [0x00000007b0000000, 0x00000007b7b00000, 0x00000007bab00000)
  object space 125952K, 32% used [0x00000007b0000000,0x00000007b2851ed0,0x00000007b7b00000)
 Metaspace       used 32511K, capacity 32859K, committed 33280K, reserved 1079296K
  class space    used 4170K, capacity 4305K, committed 4352K, reserved 1048576K
}
Event: 26.056 GC heap before
{Heap before GC invocations=11 (full 2):
 PSYoungGen      total 58368K, used 29696K [0x00000007bab00000, 0x00000007c0000000, 0x00000007c0000000)
  eden space 29696K, 100% used [0x00000007bab00000,0x00000007bc800000,0x00000007bc800000)
  from space 28672K, 0% used [0x00000007be400000,0x00000007be400000,0x00000007c0000000)
  to   space 28672K, 0% used [0x00000007bc800000,0x00000007bc800000,0x00000007be400000)
 ParOldGen       total 125952K, used 41287K [0x00000007b0000000, 0x00000007b7b00000, 0x00000007bab00000)
  object space 125952K, 32% used [0x00000007b0000000,0x00000007b2851ed0,0x00000007b7b00000)
 Metaspace       used 32679K, capacity 33051K, committed 33280K, reserved 1079296K
  class space    used 4170K, capacity 4305K, committed 4352K, reserved 1048576K
Event: 26.061 GC heap after
Heap after GC invocations=11 (full 2):
 PSYoungGen      total 58368K, used 15394K [0x00000007bab00000, 0x00000007c0000000, 0x00000007c0000000)
  eden space 29696K, 0% used [0x00000007bab00000,0x00000007bab00000,0x00000007bc800000)
  from space 28672K, 53% used [0x00000007bc800000,0x00000007bd708870,0x00000007be400000)
  to   space 28672K, 0% used [0x00000007be400000,0x00000007be400000,0x00000007c0000000)
 ParOldGen       total 125952K, used 41295K [0x00000007b0000000, 0x00000007b7b00000, 0x00000007bab00000)
  object space 125952K, 32% used [0x00000007b0000000,0x00000007b2853ed0,0x00000007b7b00000)
 Metaspace       used 32679K, capacity 33051K, committed 33280K, reserved 1079296K
  class space    used 4170K, capacity 4305K, committed 4352K, reserved 1048576K
}
Event: 33.428 GC heap before
{Heap before GC invocations=12 (full 2):
 PSYoungGen      total 58368K, used 44228K [0x00000007bab00000, 0x00000007c0000000, 0x00000007c0000000)
  eden space 29696K, 97% used [0x00000007bab00000,0x00000007bc7289b0,0x00000007bc800000)
  from space 28672K, 53% used [0x00000007bc800000,0x00000007bd708870,0x00000007be400000)
  to   space 28672K, 0% used [0x00000007be400000,0x00000007be400000,0x00000007c0000000)
 ParOldGen       total 125952K, used 41295K [0x00000007b0000000, 0x00000007b7b00000, 0x00000007bab00000)
  object space 125952K, 32% used [0x00000007b0000000,0x00000007b2853ed0,0x00000007b7b00000)
 Metaspace       used 32743K, capacity 33089K, committed 33536K, reserved 1079296K
  class space    used 4178K, capacity 4312K, committed 4352K, reserved 1048576K
Event: 33.435 GC heap after
Heap after GC invocations=12 (full 2):
 PSYoungGen      total 58368K, used 27811K [0x00000007bab00000, 0x00000007c0000000, 0x00000007c0000000)
  eden space 29696K, 0% used [0x00000007bab00000,0x00000007bab00000,0x00000007bc800000)
  from space 28672K, 96% used [0x00000007be400000,0x00000007bff28d08,0x00000007c0000000)
  to   space 28672K, 0% used [0x00000007bc800000,0x00000007bc800000,0x00000007be400000)
 ParOldGen       total 125952K, used 41303K [0x00000007b0000000, 0x00000007b7b00000, 0x00000007bab00000)
  object space 125952K, 32% used [0x00000007b0000000,0x00000007b2855ed0,0x00000007b7b00000)
 Metaspace       used 32743K, capacity 33089K, committed 33536K, reserved 1079296K
  class space    used 4178K, capacity 4312K, committed 4352K, reserved 1048576K
}
Event: 33.435 GC heap before
{Heap before GC invocations=13 (full 3):
 PSYoungGen      total 58368K, used 27811K [0x00000007bab00000, 0x00000007c0000000, 0x00000007c0000000)
  eden space 29696K, 0% used [0x00000007bab00000,0x00000007bab00000,0x00000007bc800000)
  from space 28672K, 96% used [0x00000007be400000,0x00000007bff28d08,0x00000007c0000000)
  to   space 28672K, 0% used [0x00000007bc800000,0x00000007bc800000,0x00000007be400000)
 ParOldGen       total 125952K, used 41303K [0x00000007b0000000, 0x00000007b7b00000, 0x00000007bab00000)
  object space 125952K, 32% used [0x00000007b0000000,0x00000007b2855ed0,0x00000007b7b00000)
 Metaspace       used 32743K, capacity 33089K, committed 33536K, reserved 1079296K
  class space    used 4178K, capacity 4312K, committed 4352K, reserved 1048576K
Event: 33.533 GC heap after
Heap after GC invocations=13 (full 3):
 PSYoungGen      total 58368K, used 0K [0x00000007bab00000, 0x00000007c0000000, 0x00000007c0000000)
  eden space 29696K, 0% used [0x00000007bab00000,0x00000007bab00000,0x00000007bc800000)
  from space 28672K, 0% used [0x00000007be400000,0x00000007be400000,0x00000007c0000000)
  to   space 28672K, 0% used [0x00000007bc800000,0x00000007bc800000,0x00000007be400000)
 ParOldGen       total 125952K, used 44908K [0x00000007b0000000, 0x00000007b7b00000, 0x00000007bab00000)
  object space 125952K, 35% used [0x00000007b0000000,0x00000007b2bdb1f8,0x00000007b7b00000)
 Metaspace       used 32743K, capacity 33089K, committed 33536K, reserved 1079296K
  class space    used 4178K, capacity 4312K, committed 4352K, reserved 1048576K
}

