# JRE version: Java(TM) SE Runtime Environment (8.0_66-b17) (build 1.8.0_66-b17)
# Java VM: Java HotSpot(TM) 64-Bit Server VM (25.66-b17 mixed mode bsd-amd64 compressed oops)
Heap:
 PSYoungGen      total 55296K, used 11596K [0x00000007bab00000, 0x00000007c0000000, 0x00000007c0000000)
  eden space 30720K, 37% used [0x00000007bab00000,0x00000007bb653378,0x00000007bc900000)
  from space 24576K, 0% used [0x00000007bc900000,0x00000007bc900000,0x00000007be100000)
  to   space 28672K, 0% used [0x00000007be400000,0x00000007be400000,0x00000007c0000000)
 ParOldGen       total 114176K, used 75644K [0x00000007b0000000, 0x00000007b6f80000, 0x00000007bab00000)
  object space 114176K, 66% used [0x00000007b0000000,0x00000007b49df1c0,0x00000007b6f80000)
 Metaspace       used 33254K, capacity 33669K, committed 34176K, reserved 1079296K
  class space    used 4256K, capacity 4378K, committed 4480K, reserved 1048576K
GC Heap History (10 events):
Event: 37.340 GC heap before
{Heap before GC invocations=11 (full 2):
 PSYoungGen      total 58880K, used 51356K [0x00000007bab00000, 0x00000007bfe00000, 0x00000007c0000000)
  eden space 35840K, 100% used [0x00000007bab00000,0x00000007bce00000,0x00000007bce00000)
  from space 23040K, 67% used [0x00000007be780000,0x00000007bf6a7388,0x00000007bfe00000)
  to   space 24576K, 0% used [0x00000007bce00000,0x00000007bce00000,0x00000007be600000)
 ParOldGen       total 76800K, used 42802K [0x00000007b0000000, 0x00000007b4b00000, 0x00000007bab00000)
  object space 76800K, 55% used [0x00000007b0000000,0x00000007b29ccb30,0x00000007b4b00000)
 Metaspace       used 33160K, capacity 33605K, committed 33920K, reserved 1079296K
  class space    used 4248K, capacity 4378K, committed 4480K, reserved 1048576K
Event: 37.350 GC heap after
Heap after GC invocations=11 (full 2):
 PSYoungGen      total 60416K, used 24557K [0x00000007bab00000, 0x00000007c0000000, 0x00000007c0000000)
  eden space 35840K, 0% used [0x00000007bab00000,0x00000007bab00000,0x00000007bce00000)
  from space 24576K, 99% used [0x00000007bce00000,0x00000007be5fb7f8,0x00000007be600000)
  to   space 26624K, 0% used [0x00000007be600000,0x00000007be600000,0x00000007c0000000)
 ParOldGen       total 76800K, used 46034K [0x00000007b0000000, 0x00000007b4b00000, 0x00000007bab00000)
  object space 76800K, 59% used [0x00000007b0000000,0x00000007b2cf4b18,0x00000007b4b00000)
 Metaspace       used 33160K, capacity 33605K, committed 33920K, reserved 1079296K
  class space    used 4248K, capacity 4378K, committed 4480K, reserved 1048576K
}
Event: 39.630 GC heap before
{Heap before GC invocations=12 (full 3):
 PSYoungGen      total 60416K, used 60397K [0x00000007bab00000, 0x00000007c0000000, 0x00000007c0000000)
  eden space 35840K, 100% used [0x00000007bab00000,0x00000007bce00000,0x00000007bce00000)
  from space 24576K, 99% used [0x00000007bce00000,0x00000007be5fb7f8,0x00000007be600000)
  to   space 26624K, 0% used [0x00000007be600000,0x00000007be600000,0x00000007c0000000)
 ParOldGen       total 76800K, used 71436K [0x00000007b0000000, 0x00000007b4b00000, 0x00000007bab00000)
  object space 76800K, 93% used [0x00000007b0000000,0x00000007b45c3050,0x00000007b4b00000)
 Metaspace       used 33180K, capacity 33605K, committed 33920K, reserved 1079296K
  class space    used 4248K, capacity 4378K, committed 4480K, reserved 1048576K
Event: 39.699 GC heap after
Heap after GC invocations=12 (full 3):
 PSYoungGen      total 60416K, used 0K [0x00000007bab00000, 0x00000007c0000000, 0x00000007c0000000)
  eden space 35840K, 0% used [0x00000007bab00000,0x00000007bab00000,0x00000007bce00000)
  from space 24576K, 0% used [0x00000007bce00000,0x00000007bce00000,0x00000007be600000)
  to   space 26624K, 0% used [0x00000007be600000,0x00000007be600000,0x00000007c0000000)
 ParOldGen       total 114176K, used 44936K [0x00000007b0000000, 0x00000007b6f80000, 0x00000007bab00000)
  object space 114176K, 39% used [0x00000007b0000000,0x00000007b2be23b0,0x00000007b6f80000)
 Metaspace       used 33180K, capacity 33605K, committed 33920K, reserved 1079296K
  class space    used 4248K, capacity 4378K, committed 4480K, reserved 1048576K
}
Event: 56.174 GC heap before
{Heap before GC invocations=13 (full 3):
 PSYoungGen      total 60416K, used 35840K [0x00000007bab00000, 0x00000007c0000000, 0x00000007c0000000)
  eden space 35840K, 100% used [0x00000007bab00000,0x00000007bce00000,0x00000007bce00000)
  from space 24576K, 0% used [0x00000007bce00000,0x00000007bce00000,0x00000007be600000)
  to   space 26624K, 0% used [0x00000007be600000,0x00000007be600000,0x00000007c0000000)
 ParOldGen       total 114176K, used 44936K [0x00000007b0000000, 0x00000007b6f80000, 0x00000007bab00000)
  object space 114176K, 39% used [0x00000007b0000000,0x00000007b2be23b0,0x00000007b6f80000)
 Metaspace       used 33188K, capacity 33605K, committed 33920K, reserved 1079296K
  class space    used 4248K, capacity 4378K, committed 4480K, reserved 1048576K
Event: 56.180 GC heap after
Heap after GC invocations=13 (full 3):
 PSYoungGen      total 57344K, used 12390K [0x00000007bab00000, 0x00000007c0000000, 0x00000007c0000000)
  eden space 30720K, 0% used [0x00000007bab00000,0x00000007bab00000,0x00000007bc900000)
  from space 26624K, 46% used [0x00000007be600000,0x00000007bf219bb0,0x00000007c0000000)
  to   space 28160K, 0% used [0x00000007bc900000,0x00000007bc900000,0x00000007be480000)
 ParOldGen       total 114176K, used 44936K [0x00000007b0000000, 0x00000007b6f80000, 0x00000007bab00000)
  object space 114176K, 39% used [0x00000007b0000000,0x00000007b2be23b0,0x00000007b6f80000)
 Metaspace       used 33188K, capacity 33605K, committed 33920K, reserved 1079296K
  class space    used 4248K, capacity 4378K, committed 4480K, reserved 1048576K
}
Event: 64.968 GC heap before
{Heap before GC invocations=14 (full 3):
 PSYoungGen      total 57344K, used 42935K [0x00000007bab00000, 0x00000007c0000000, 0x00000007c0000000)
  eden space 30720K, 99% used [0x00000007bab00000,0x00000007bc8d42d8,0x00000007bc900000)
  from space 26624K, 46% used [0x00000007be600000,0x00000007bf219bb0,0x00000007c0000000)
  to   space 28160K, 0% used [0x00000007bc900000,0x00000007bc900000,0x00000007be480000)
 ParOldGen       total 114176K, used 44936K [0x00000007b0000000, 0x00000007b6f80000, 0x00000007bab00000)
  object space 114176K, 39% used [0x00000007b0000000,0x00000007b2be23b0,0x00000007b6f80000)
 Metaspace       used 33235K, capacity 33605K, committed 33920K, reserved 1079296K
  class space    used 4256K, capacity 4378K, committed 4480K, reserved 1048576K
Event: 64.986 GC heap after
Heap after GC invocations=14 (full 3):
 PSYoungGen      total 55296K, used 24473K [0x00000007bab00000, 0x00000007c0000000, 0x00000007c0000000)
  eden space 30720K, 0% used [0x00000007bab00000,0x00000007bab00000,0x00000007bc900000)
  from space 24576K, 99% used [0x00000007bc900000,0x00000007be0e6418,0x00000007be100000)
  to   space 28672K, 0% used [0x00000007be400000,0x00000007be400000,0x00000007c0000000)
 ParOldGen       total 114176K, used 53250K [0x00000007b0000000, 0x00000007b6f80000, 0x00000007bab00000)
  object space 114176K, 46% used [0x00000007b0000000,0x00000007b3400a38,0x00000007b6f80000)
 Metaspace       used 33235K, capacity 33605K, committed 33920K, reserved 1079296K
  class space    used 4256K, capacity 4378K, committed 4480K, reserved 1048576K
}
Event: 64.986 GC heap before
{Heap before GC invocations=15 (full 4):
 PSYoungGen      total 55296K, used 24473K [0x00000007bab00000, 0x00000007c0000000, 0x00000007c0000000)
  eden space 30720K, 0% used [0x00000007bab00000,0x00000007bab00000,0x00000007bc900000)
  from space 24576K, 99% used [0x00000007bc900000,0x00000007be0e6418,0x00000007be100000)
  to   space 28672K, 0% used [0x00000007be400000,0x00000007be400000,0x00000007c0000000)
 ParOldGen       total 114176K, used 53250K [0x00000007b0000000, 0x00000007b6f80000, 0x00000007bab00000)
  object space 114176K, 46% used [0x00000007b0000000,0x00000007b3400a38,0x00000007b6f80000)
 Metaspace       used 33235K, capacity 33605K, committed 33920K, reserved 1079296K
  class space    used 4256K, capacity 4378K, committed 4480K, reserved 1048576K
Event: 65.085 GC heap after
Heap after GC invocations=15 (full 4):
 PSYoungGen      total 55296K, used 0K [0x00000007bab00000, 0x00000007c0000000, 0x00000007c0000000)
  eden space 30720K, 0% used [0x00000007bab00000,0x00000007bab00000,0x00000007bc900000)
  from space 24576K, 0% used [0x00000007bc900000,0x00000007bc900000,0x00000007be100000)
  to   space 28672K, 0% used [0x00000007be400000,0x00000007be400000,0x00000007c0000000)
 ParOldGen       total 114176K, used 55303K [0x00000007b0000000, 0x00000007b6f80000, 0x00000007bab00000)
  object space 114176K, 48% used [0x00000007b0000000,0x00000007b3601da0,0x00000007b6f80000)
 Metaspace       used 33235K, capacity 33605K, committed 33920K, reserved 1079296K
  class space    used 4256K, capacity 4378K, committed 4480K, reserved 1048576K
}

