# JRE version: Java(TM) SE Runtime Environment (8.0_66-b17) (build 1.8.0_66-b17)
# Java VM: Java HotSpot(TM) 64-Bit Server VM (25.66-b17 mixed mode bsd-amd64 compressed oops)
Heap:
 PSYoungGen      total 58368K, used 12724K [0x00000007bab00000, 0x00000007c0000000, 0x00000007c0000000)
  eden space 29696K, 42% used [0x00000007bab00000,0x00000007bb76d238,0x00000007bc800000)
  from space 28672K, 0% used [0x00000007bc800000,0x00000007bc800000,0x00000007be400000)
  to   space 28672K, 0% used [0x00000007be400000,0x00000007be400000,0x00000007c0000000)
 ParOldGen       total 94720K, used 38439K [0x00000007b0000000, 0x00000007b5c80000, 0x00000007bab00000)
  object space 94720K, 40% used [0x00000007b0000000,0x00000007b2589de8,0x00000007b5c80000)
 Metaspace       used 32441K, capacity 32819K, committed 33024K, reserved 1077248K
  class space    used 4184K, capacity 4307K, committed 4352K, reserved 1048576K
GC Heap History (10 events):
Event: 5.014 GC heap before
{Heap before GC invocations=5 (full 1):
 PSYoungGen      total 38400K, used 33280K [0x00000007bab00000, 0x00000007bf600000, 0x00000007c0000000)
  eden space 33280K, 100% used [0x00000007bab00000,0x00000007bcb80000,0x00000007bcb80000)
  from space 5120K, 0% used [0x00000007bcb80000,0x00000007bcb80000,0x00000007bd080000)
  to   space 5120K, 0% used [0x00000007bf100000,0x00000007bf100000,0x00000007bf600000)
 ParOldGen       total 94720K, used 19233K [0x00000007b0000000, 0x00000007b5c80000, 0x00000007bab00000)
  object space 94720K, 20% used [0x00000007b0000000,0x00000007b12c8540,0x00000007b5c80000)
 Metaspace       used 27219K, capacity 27521K, committed 28032K, reserved 1073152K
  class space    used 3748K, capacity 3842K, committed 3968K, reserved 1048576K
Event: 5.020 GC heap after
Heap after GC invocations=5 (full 1):
 PSYoungGen      total 66048K, used 5091K [0x00000007bab00000, 0x00000007bf600000, 0x00000007c0000000)
  eden space 60928K, 0% used [0x00000007bab00000,0x00000007bab00000,0x00000007be680000)
  from space 5120K, 99% used [0x00000007bf100000,0x00000007bf5f8cf0,0x00000007bf600000)
  to   space 5120K, 0% used [0x00000007bec00000,0x00000007bec00000,0x00000007bf100000)
 ParOldGen       total 94720K, used 20470K [0x00000007b0000000, 0x00000007b5c80000, 0x00000007bab00000)
  object space 94720K, 21% used [0x00000007b0000000,0x00000007b13fd8d0,0x00000007b5c80000)
 Metaspace       used 27219K, capacity 27521K, committed 28032K, reserved 1073152K
  class space    used 3748K, capacity 3842K, committed 3968K, reserved 1048576K
}
Event: 6.941 GC heap before
{Heap before GC invocations=6 (full 1):
 PSYoungGen      total 66048K, used 66019K [0x00000007bab00000, 0x00000007bf600000, 0x00000007c0000000)
  eden space 60928K, 100% used [0x00000007bab00000,0x00000007be680000,0x00000007be680000)
  from space 5120K, 99% used [0x00000007bf100000,0x00000007bf5f8cf0,0x00000007bf600000)
  to   space 5120K, 0% used [0x00000007bec00000,0x00000007bec00000,0x00000007bf100000)
 ParOldGen       total 94720K, used 20470K [0x00000007b0000000, 0x00000007b5c80000, 0x00000007bab00000)
  object space 94720K, 21% used [0x00000007b0000000,0x00000007b13fd8d0,0x00000007b5c80000)
 Metaspace       used 31436K, capacity 31805K, committed 32256K, reserved 1077248K
  class space    used 4170K, capacity 4300K, committed 4352K, reserved 1048576K
Event: 6.959 GC heap after
Heap after GC invocations=6 (full 1):
 PSYoungGen      total 71680K, used 5113K [0x00000007bab00000, 0x00000007c0000000, 0x00000007c0000000)
  eden space 66560K, 0% used [0x00000007bab00000,0x00000007bab00000,0x00000007bec00000)
  from space 5120K, 99% used [0x00000007bec00000,0x00000007bf0fe490,0x00000007bf100000)
  to   space 15360K, 0% used [0x00000007bf100000,0x00000007bf100000,0x00000007c0000000)
 ParOldGen       total 94720K, used 36328K [0x00000007b0000000, 0x00000007b5c80000, 0x00000007bab00000)
  object space 94720K, 38% used [0x00000007b0000000,0x00000007b237a148,0x00000007b5c80000)
 Metaspace       used 31436K, capacity 31805K, committed 32256K, reserved 1077248K
  class space    used 4170K, capacity 4300K, committed 4352K, reserved 1048576K
}
Event: 20.008 GC heap before
{Heap before GC invocations=7 (full 1):
 PSYoungGen      total 71680K, used 70343K [0x00000007bab00000, 0x00000007c0000000, 0x00000007c0000000)
  eden space 66560K, 98% used [0x00000007bab00000,0x00000007beab37f8,0x00000007bec00000)
  from space 5120K, 99% used [0x00000007bec00000,0x00000007bf0fe490,0x00000007bf100000)
  to   space 15360K, 0% used [0x00000007bf100000,0x00000007bf100000,0x00000007c0000000)
 ParOldGen       total 94720K, used 36328K [0x00000007b0000000, 0x00000007b5c80000, 0x00000007bab00000)
  object space 94720K, 38% used [0x00000007b0000000,0x00000007b237a148,0x00000007b5c80000)
 Metaspace       used 32381K, capacity 32781K, committed 33024K, reserved 1077248K
  class space    used 4174K, capacity 4300K, committed 4352K, reserved 1048576K
Event: 20.016 GC heap after
Heap after GC invocations=7 (full 1):
 PSYoungGen      total 45056K, used 14249K [0x00000007bab00000, 0x00000007c0000000, 0x00000007c0000000)
  eden space 29696K, 0% used [0x00000007bab00000,0x00000007bab00000,0x00000007bc800000)
  from space 15360K, 92% used [0x00000007bf100000,0x00000007bfeea630,0x00000007c0000000)
  to   space 28672K, 0% used [0x00000007bc800000,0x00000007bc800000,0x00000007be400000)
 ParOldGen       total 94720K, used 36328K [0x00000007b0000000, 0x00000007b5c80000, 0x00000007bab00000)
  object space 94720K, 38% used [0x00000007b0000000,0x00000007b237a148,0x00000007b5c80000)
 Metaspace       used 32381K, capacity 32781K, committed 33024K, reserved 1077248K
  class space    used 4174K, capacity 4300K, committed 4352K, reserved 1048576K
}
Event: 20.068 GC heap before
{Heap before GC invocations=8 (full 1):
 PSYoungGen      total 45056K, used 18278K [0x00000007bab00000, 0x00000007c0000000, 0x00000007c0000000)
  eden space 29696K, 13% used [0x00000007bab00000,0x00000007baeef2a8,0x00000007bc800000)
  from space 15360K, 92% used [0x00000007bf100000,0x00000007bfeea630,0x00000007c0000000)
  to   space 28672K, 0% used [0x00000007bc800000,0x00000007bc800000,0x00000007be400000)
 ParOldGen       total 94720K, used 36328K [0x00000007b0000000, 0x00000007b5c80000, 0x00000007bab00000)
  object space 94720K, 38% used [0x00000007b0000000,0x00000007b237a148,0x00000007b5c80000)
 Metaspace       used 32415K, capacity 32819K, committed 33024K, reserved 1077248K
  class space    used 4181K, capacity 4307K, committed 4352K, reserved 1048576K
Event: 20.074 GC heap after
Heap after GC invocations=8 (full 1):
 PSYoungGen      total 58368K, used 17285K [0x00000007bab00000, 0x00000007c0000000, 0x00000007c0000000)
  eden space 29696K, 0% used [0x00000007bab00000,0x00000007bab00000,0x00000007bc800000)
  from space 28672K, 60% used [0x00000007bc800000,0x00000007bd8e1400,0x00000007be400000)
  to   space 28672K, 0% used [0x00000007be400000,0x00000007be400000,0x00000007c0000000)
 ParOldGen       total 94720K, used 36336K [0x00000007b0000000, 0x00000007b5c80000, 0x00000007bab00000)
  object space 94720K, 38% used [0x00000007b0000000,0x00000007b237c148,0x00000007b5c80000)
 Metaspace       used 32415K, capacity 32819K, committed 33024K, reserved 1077248K
  class space    used 4181K, capacity 4307K, committed 4352K, reserved 1048576K
}
Event: 20.074 GC heap before
{Heap before GC invocations=9 (full 2):
 PSYoungGen      total 58368K, used 17285K [0x00000007bab00000, 0x00000007c0000000, 0x00000007c0000000)
  eden space 29696K, 0% used [0x00000007bab00000,0x00000007bab00000,0x00000007bc800000)
  from space 28672K, 60% used [0x00000007bc800000,0x00000007bd8e1400,0x00000007be400000)
  to   space 28672K, 0% used [0x00000007be400000,0x00000007be400000,0x00000007c0000000)
 ParOldGen       total 94720K, used 36336K [0x00000007b0000000, 0x00000007b5c80000, 0x00000007bab00000)
  object space 94720K, 38% used [0x00000007b0000000,0x00000007b237c148,0x00000007b5c80000)
 Metaspace       used 32415K, capacity 32819K, committed 33024K, reserved 1077248K
  class space    used 4181K, capacity 4307K, committed 4352K, reserved 1048576K
Event: 20.141 GC heap after
Heap after GC invocations=9 (full 2):
 PSYoungGen      total 58368K, used 0K [0x00000007bab00000, 0x00000007c0000000, 0x00000007c0000000)
  eden space 29696K, 0% used [0x00000007bab00000,0x00000007bab00000,0x00000007bc800000)
  from space 28672K, 0% used [0x00000007bc800000,0x00000007bc800000,0x00000007be400000)
  to   space 28672K, 0% used [0x00000007be400000,0x00000007be400000,0x00000007c0000000)
 ParOldGen       total 94720K, used 38439K [0x00000007b0000000, 0x00000007b5c80000, 0x00000007bab00000)
  object space 94720K, 40% used [0x00000007b0000000,0x00000007b2589de8,0x00000007b5c80000)
 Metaspace       used 32415K, capacity 32819K, committed 33024K, reserved 1077248K
  class space    used 4181K, capacity 4307K, committed 4352K, reserved 1048576K
}

