# JRE version: Java(TM) SE Runtime Environment (8.0_66-b17) (build 1.8.0_66-b17)
# Java VM: Java HotSpot(TM) 64-Bit Server VM (25.66-b17 mixed mode bsd-amd64 compressed oops)
Heap:
 PSYoungGen      total 58368K, used 17784K [0x00000007bab00000, 0x00000007c0000000, 0x00000007c0000000)
  eden space 29696K, 59% used [0x00000007bab00000,0x00000007bbc5e190,0x00000007bc800000)
  from space 28672K, 0% used [0x00000007be400000,0x00000007be400000,0x00000007c0000000)
  to   space 28672K, 0% used [0x00000007bc800000,0x00000007bc800000,0x00000007be400000)
 ParOldGen       total 111616K, used 42806K [0x00000007b0000000, 0x00000007b6d00000, 0x00000007bab00000)
  object space 111616K, 38% used [0x00000007b0000000,0x00000007b29cdb90,0x00000007b6d00000)
 Metaspace       used 32935K, capacity 33345K, committed 33792K, reserved 1079296K
  class space    used 4179K, capacity 4312K, committed 4352K, reserved 1048576K
GC Heap History (10 events):
Event: 65.884 GC heap before
{Heap before GC invocations=16 (full 2):
 PSYoungGen      total 58368K, used 56326K [0x00000007bab00000, 0x00000007c0000000, 0x00000007c0000000)
  eden space 29696K, 99% used [0x00000007bab00000,0x00000007bc7fa088,0x00000007bc800000)
  from space 28672K, 92% used [0x00000007bc800000,0x00000007be207a60,0x00000007be400000)
  to   space 28672K, 0% used [0x00000007be400000,0x00000007be400000,0x00000007c0000000)
 ParOldGen       total 104960K, used 51040K [0x00000007b0000000, 0x00000007b6680000, 0x00000007bab00000)
  object space 104960K, 48% used [0x00000007b0000000,0x00000007b31d80e8,0x00000007b6680000)
 Metaspace       used 32052K, capacity 32425K, committed 32768K, reserved 1077248K
  class space    used 4151K, capacity 4298K, committed 4352K, reserved 1048576K
Event: 65.904 GC heap after
Heap after GC invocations=16 (full 2):
 PSYoungGen      total 58368K, used 26761K [0x00000007bab00000, 0x00000007c0000000, 0x00000007c0000000)
  eden space 29696K, 0% used [0x00000007bab00000,0x00000007bab00000,0x00000007bc800000)
  from space 28672K, 93% used [0x00000007be400000,0x00000007bfe227a8,0x00000007c0000000)
  to   space 28672K, 0% used [0x00000007bc800000,0x00000007bc800000,0x00000007be400000)
 ParOldGen       total 104960K, used 56732K [0x00000007b0000000, 0x00000007b6680000, 0x00000007bab00000)
  object space 104960K, 54% used [0x00000007b0000000,0x00000007b3767228,0x00000007b6680000)
 Metaspace       used 32052K, capacity 32425K, committed 32768K, reserved 1077248K
  class space    used 4151K, capacity 4298K, committed 4352K, reserved 1048576K
}
Event: 67.687 GC heap before
{Heap before GC invocations=17 (full 2):
 PSYoungGen      total 58368K, used 56457K [0x00000007bab00000, 0x00000007c0000000, 0x00000007c0000000)
  eden space 29696K, 100% used [0x00000007bab00000,0x00000007bc800000,0x00000007bc800000)
  from space 28672K, 93% used [0x00000007be400000,0x00000007bfe227a8,0x00000007c0000000)
  to   space 28672K, 0% used [0x00000007bc800000,0x00000007bc800000,0x00000007be400000)
 ParOldGen       total 104960K, used 56732K [0x00000007b0000000, 0x00000007b6680000, 0x00000007bab00000)
  object space 104960K, 54% used [0x00000007b0000000,0x00000007b3767228,0x00000007b6680000)
 Metaspace       used 32839K, capacity 33243K, committed 33536K, reserved 1079296K
  class space    used 4169K, capacity 4305K, committed 4352K, reserved 1048576K
Event: 67.705 GC heap after
Heap after GC invocations=17 (full 2):
 PSYoungGen      total 58368K, used 5524K [0x00000007bab00000, 0x00000007c0000000, 0x00000007c0000000)
  eden space 29696K, 0% used [0x00000007bab00000,0x00000007bab00000,0x00000007bc800000)
  from space 28672K, 19% used [0x00000007bc800000,0x00000007bcd650b0,0x00000007be400000)
  to   space 28672K, 0% used [0x00000007be400000,0x00000007be400000,0x00000007c0000000)
 ParOldGen       total 104960K, used 81762K [0x00000007b0000000, 0x00000007b6680000, 0x00000007bab00000)
  object space 104960K, 77% used [0x00000007b0000000,0x00000007b4fd8a50,0x00000007b6680000)
 Metaspace       used 32839K, capacity 33243K, committed 33536K, reserved 1079296K
  class space    used 4169K, capacity 4305K, committed 4352K, reserved 1048576K
}
Event: 67.705 GC heap before
{Heap before GC invocations=18 (full 3):
 PSYoungGen      total 58368K, used 5524K [0x00000007bab00000, 0x00000007c0000000, 0x00000007c0000000)
  eden space 29696K, 0% used [0x00000007bab00000,0x00000007bab00000,0x00000007bc800000)
  from space 28672K, 19% used [0x00000007bc800000,0x00000007bcd650b0,0x00000007be400000)
  to   space 28672K, 0% used [0x00000007be400000,0x00000007be400000,0x00000007c0000000)
 ParOldGen       total 104960K, used 81762K [0x00000007b0000000, 0x00000007b6680000, 0x00000007bab00000)
  object space 104960K, 77% used [0x00000007b0000000,0x00000007b4fd8a50,0x00000007b6680000)
 Metaspace       used 32839K, capacity 33243K, committed 33536K, reserved 1079296K
  class space    used 4169K, capacity 4305K, committed 4352K, reserved 1048576K
Event: 67.806 GC heap after
Heap after GC invocations=18 (full 3):
 PSYoungGen      total 58368K, used 0K [0x00000007bab00000, 0x00000007c0000000, 0x00000007c0000000)
  eden space 29696K, 0% used [0x00000007bab00000,0x00000007bab00000,0x00000007bc800000)
  from space 28672K, 0% used [0x00000007bc800000,0x00000007bc800000,0x00000007be400000)
  to   space 28672K, 0% used [0x00000007be400000,0x00000007be400000,0x00000007c0000000)
 ParOldGen       total 111616K, used 39665K [0x00000007b0000000, 0x00000007b6d00000, 0x00000007bab00000)
  object space 111616K, 35% used [0x00000007b0000000,0x00000007b26bc430,0x00000007b6d00000)
 Metaspace       used 32839K, capacity 33243K, committed 33536K, reserved 1079296K
  class space    used 4169K, capacity 4305K, committed 4352K, reserved 1048576K
}
Event: 72.647 GC heap before
{Heap before GC invocations=19 (full 3):
 PSYoungGen      total 58368K, used 16679K [0x00000007bab00000, 0x00000007c0000000, 0x00000007c0000000)
  eden space 29696K, 56% used [0x00000007bab00000,0x00000007bbb49db0,0x00000007bc800000)
  from space 28672K, 0% used [0x00000007bc800000,0x00000007bc800000,0x00000007be400000)
  to   space 28672K, 0% used [0x00000007be400000,0x00000007be400000,0x00000007c0000000)
 ParOldGen       total 111616K, used 39665K [0x00000007b0000000, 0x00000007b6d00000, 0x00000007bab00000)
  object space 111616K, 35% used [0x00000007b0000000,0x00000007b26bc430,0x00000007b6d00000)
 Metaspace       used 32888K, capacity 33281K, committed 33536K, reserved 1079296K
  class space    used 4177K, capacity 4312K, committed 4352K, reserved 1048576K
Event: 72.655 GC heap after
Heap after GC invocations=19 (full 3):
 PSYoungGen      total 58368K, used 18163K [0x00000007bab00000, 0x00000007c0000000, 0x00000007c0000000)
  eden space 29696K, 0% used [0x00000007bab00000,0x00000007bab00000,0x00000007bc800000)
  from space 28672K, 63% used [0x00000007be400000,0x00000007bf5bcda0,0x00000007c0000000)
  to   space 28672K, 0% used [0x00000007bc800000,0x00000007bc800000,0x00000007be400000)
 ParOldGen       total 111616K, used 39665K [0x00000007b0000000, 0x00000007b6d00000, 0x00000007bab00000)
  object space 111616K, 35% used [0x00000007b0000000,0x00000007b26bc430,0x00000007b6d00000)
 Metaspace       used 32888K, capacity 33281K, committed 33536K, reserved 1079296K
  class space    used 4177K, capacity 4312K, committed 4352K, reserved 1048576K
}
Event: 72.655 GC heap before
{Heap before GC invocations=20 (full 4):
 PSYoungGen      total 58368K, used 18163K [0x00000007bab00000, 0x00000007c0000000, 0x00000007c0000000)
  eden space 29696K, 0% used [0x00000007bab00000,0x00000007bab00000,0x00000007bc800000)
  from space 28672K, 63% used [0x00000007be400000,0x00000007bf5bcda0,0x00000007c0000000)
  to   space 28672K, 0% used [0x00000007bc800000,0x00000007bc800000,0x00000007be400000)
 ParOldGen       total 111616K, used 39665K [0x00000007b0000000, 0x00000007b6d00000, 0x00000007bab00000)
  object space 111616K, 35% used [0x00000007b0000000,0x00000007b26bc430,0x00000007b6d00000)
 Metaspace       used 32888K, capacity 33281K, committed 33536K, reserved 1079296K
  class space    used 4177K, capacity 4312K, committed 4352K, reserved 1048576K
Event: 72.741 GC heap after
Heap after GC invocations=20 (full 4):
 PSYoungGen      total 58368K, used 0K [0x00000007bab00000, 0x00000007c0000000, 0x00000007c0000000)
  eden space 29696K, 0% used [0x00000007bab00000,0x00000007bab00000,0x00000007bc800000)
  from space 28672K, 0% used [0x00000007be400000,0x00000007be400000,0x00000007c0000000)
  to   space 28672K, 0% used [0x00000007bc800000,0x00000007bc800000,0x00000007be400000)
 ParOldGen       total 111616K, used 42806K [0x00000007b0000000, 0x00000007b6d00000, 0x00000007bab00000)
  object space 111616K, 38% used [0x00000007b0000000,0x00000007b29cdb90,0x00000007b6d00000)
 Metaspace       used 32888K, capacity 33281K, committed 33536K, reserved 1079296K
  class space    used 4177K, capacity 4312K, committed 4352K, reserved 1048576K
}

